\BOOKMARK [0][-]{chapter.1}{\376\377\000I\000n\000t\000r\000o\000d\000u\000c\000c\000i\000\363\000n}{}% 1
\BOOKMARK [1][-]{section.1.1}{\376\377\000M\000o\000t\000i\000v\000a\000c\000i\000\363\000n}{chapter.1}% 2
\BOOKMARK [1][-]{section.1.2}{\376\377\000S\000o\000l\000u\000c\000i\000o\000n\000e\000s\000\040\000e\000x\000i\000s\000t\000e\000n\000t\000e\000s}{chapter.1}% 3
\BOOKMARK [1][-]{section.1.3}{\376\377\000E\000s\000t\000r\000u\000c\000t\000u\000r\000a\000\040\000d\000e\000l\000\040\000d\000o\000c\000u\000m\000e\000n\000t\000o}{chapter.1}% 4
\BOOKMARK [0][-]{chapter.2}{\376\377\000E\000s\000t\000u\000d\000i\000o\000\040\000p\000r\000e\000v\000i\000o}{}% 5
\BOOKMARK [1][-]{section.2.1}{\376\377\000I\000n\000t\000r\000o\000d\000u\000c\000c\000i\000\363\000n}{chapter.2}% 6
\BOOKMARK [1][-]{section.2.2}{\376\377\000O\000b\000j\000e\000t\000i\000v\000o\000s}{chapter.2}% 7
\BOOKMARK [2][-]{subsection.2.2.1}{\376\377\000O\000b\000j\000e\000t\000i\000v\000o\000s\000\040\000d\000e\000l\000\040\000p\000r\000o\000y\000e\000c\000t\000o}{section.2.2}% 8
\BOOKMARK [2][-]{subsection.2.2.2}{\376\377\000O\000b\000j\000e\000t\000i\000v\000o\000s\000\040\000d\000e\000l\000\040\000s\000i\000s\000t\000e\000m\000a}{section.2.2}% 9
\BOOKMARK [1][-]{section.2.3}{\376\377\000M\000e\000t\000o\000d\000o\000l\000o\000g\000\355\000a}{chapter.2}% 10
\BOOKMARK [2][-]{subsection.2.3.1}{\376\377\000M\000e\000t\000o\000d\000o\000l\000o\000g\000\355\000a\000\040\000d\000e\000\040\000g\000e\000s\000t\000i\000\363\000n\000\040\000d\000e\000l\000\040\000p\000r\000o\000y\000e\000c\000t\000o}{section.2.3}% 11
\BOOKMARK [2][-]{subsection.2.3.2}{\376\377\000M\000e\000t\000o\000d\000o\000l\000o\000g\000\355\000a\000\040\000d\000e\000\040\000g\000e\000s\000t\000i\000\363\000n\000\040\000d\000e\000l\000\040\000d\000e\000s\000a\000r\000r\000o\000l\000l\000o}{section.2.3}% 12
\BOOKMARK [2][-]{subsection.2.3.3}{\376\377\000M\000e\000t\000o\000d\000o\000l\000o\000g\000\355\000a\000\040\000d\000e\000\040\000g\000e\000s\000t\000i\000\363\000n\000\040\000d\000e\000l\000\040\000c\000\363\000d\000i\000g\000o\000\040\000f\000u\000e\000n\000t\000e}{section.2.3}% 13
\BOOKMARK [2][-]{subsection.2.3.4}{\376\377\000M\000e\000t\000o\000d\000o\000l\000o\000g\000\355\000a\000\040\000d\000e\000\040\000s\000e\000g\000u\000i\000m\000i\000e\000n\000t\000o\000\040\000d\000e\000l\000\040\000t\000i\000e\000m\000p\000o}{section.2.3}% 14
\BOOKMARK [1][-]{section.2.4}{\376\377\000P\000l\000a\000n\000i\000f\000i\000c\000a\000c\000i\000\363\000n}{chapter.2}% 15
\BOOKMARK [2][-]{subsection.2.4.1}{\376\377\000G\000e\000s\000t\000i\000\363\000n\000\040\000d\000e\000\040\000r\000i\000e\000s\000g\000o\000s}{section.2.4}% 16
\BOOKMARK [2][-]{subsection.2.4.2}{\376\377\000D\000e\000s\000v\000i\000a\000c\000i\000o\000n\000e\000s\000\040\000r\000e\000s\000p\000e\000c\000t\000o\000\040\000a\000\040\000l\000a\000\040\000p\000l\000a\000n\000i\000f\000i\000c\000a\000c\000i\000\363\000n\000\040\000i\000n\000i\000c\000i\000a\000l}{section.2.4}% 17
\BOOKMARK [2][-]{subsection.2.4.3}{\376\377\000E\000s\000t\000r\000u\000c\000t\000u\000r\000a\000\040\000d\000e\000\040\000D\000e\000s\000g\000l\000o\000s\000e\000\040\000d\000e\000l\000\040\000T\000r\000a\000b\000a\000j\000o\000\040\000i\000n\000i\000c\000i\000a\000l}{section.2.4}% 18
\BOOKMARK [2][-]{subsection.2.4.4}{\376\377\000P\000l\000a\000n\000i\000f\000i\000c\000a\000c\000i\000\363\000n\000\040\000p\000o\000r\000\040\000s\000p\000r\000i\000n\000t\000s}{section.2.4}% 19
\BOOKMARK [2][-]{subsection.2.4.5}{\376\377\000D\000i\000a\000g\000r\000a\000m\000a\000\040\000d\000e\000\040\000p\000l\000a\000n\000i\000f\000i\000c\000a\000c\000i\000\363\000n}{section.2.4}% 20
\BOOKMARK [1][-]{section.2.5}{\376\377\000P\000r\000e\000s\000u\000p\000u\000e\000s\000t\000o}{chapter.2}% 21
\BOOKMARK [2][-]{subsection.2.5.1}{\376\377\000R\000e\000c\000u\000r\000s\000o\000s\000\040\000h\000u\000m\000a\000n\000o\000s}{section.2.5}% 22
\BOOKMARK [2][-]{subsection.2.5.2}{\376\377\000D\000i\000s\000t\000r\000i\000b\000u\000c\000i\000\363\000n\000\040\000d\000e\000l\000\040\000e\000s\000f\000u\000e\000r\000z\000o}{section.2.5}% 23
\BOOKMARK [2][-]{subsection.2.5.3}{\376\377\000I\000n\000f\000r\000a\000e\000s\000t\000r\000u\000c\000t\000u\000r\000a\000\040\000y\000\040\000c\000o\000s\000t\000e\000s\000\040\000i\000n\000d\000i\000r\000e\000c\000t\000o\000s}{section.2.5}% 24
\BOOKMARK [2][-]{subsection.2.5.4}{\376\377\000C\000o\000s\000t\000e\000\040\000t\000o\000t\000a\000l\000\040\000d\000e\000l\000\040\000p\000r\000o\000y\000e\000c\000t\000o}{section.2.5}% 25
\BOOKMARK [2][-]{subsection.2.5.5}{\376\377\000P\000r\000e\000s\000u\000p\000u\000e\000s\000t\000o\000\040\000e\000s\000t\000i\000m\000a\000d\000o}{section.2.5}% 26
\BOOKMARK [2][-]{subsection.2.5.6}{\376\377\000C\000o\000s\000t\000e\000\040\000r\000e\000a\000l\000\040\000d\000e\000l\000\040\000p\000r\000o\000y\000e\000c\000t\000o}{section.2.5}% 27
\BOOKMARK [0][-]{chapter.3}{\376\377\000A\000n\000\341\000l\000i\000s\000i\000s\000\040\000d\000e\000l\000\040\000p\000r\000o\000b\000l\000e\000m\000a}{}% 28
\BOOKMARK [1][-]{section.3.1}{\376\377\000I\000n\000t\000r\000o\000d\000u\000c\000c\000i\000\363\000n}{chapter.3}% 29
\BOOKMARK [1][-]{section.3.2}{\376\377\000A\000c\000t\000o\000r\000e\000s\000\040\000d\000e\000l\000\040\000s\000i\000s\000t\000e\000m\000a}{chapter.3}% 30
\BOOKMARK [2][-]{subsection.3.2.1}{\376\377\000V\000i\000s\000i\000t\000a\000n\000t\000e}{section.3.2}% 31
\BOOKMARK [2][-]{subsection.3.2.2}{\376\377\000C\000i\000u\000d\000a\000d\000a\000n\000o}{section.3.2}% 32
\BOOKMARK [2][-]{subsection.3.2.3}{\376\377\000O\000r\000g\000a\000n\000i\000z\000a\000d\000o\000r}{section.3.2}% 33
\BOOKMARK [2][-]{subsection.3.2.4}{\376\377\000M\000o\000d\000e\000r\000a\000d\000o\000r\000\040\000d\000e\000\040\000c\000o\000n\000t\000e\000n\000i\000d\000o}{section.3.2}% 34
\BOOKMARK [2][-]{subsection.3.2.5}{\376\377\000A\000d\000m\000i\000n\000i\000s\000t\000r\000a\000d\000o\000r\000\040\000d\000e\000\040\000l\000a\000\040\000p\000l\000a\000t\000a\000f\000o\000r\000m\000a}{section.3.2}% 35
\BOOKMARK [1][-]{section.3.3}{\376\377\000D\000i\000a\000g\000r\000a\000m\000a\000\040\000d\000e\000\040\000c\000a\000s\000o\000s\000\040\000d\000e\000\040\000u\000s\000o}{chapter.3}% 36
\BOOKMARK [1][-]{section.3.4}{\376\377\000R\000e\000q\000u\000i\000s\000i\000t\000o\000s\000\040\000d\000e\000\040\000i\000n\000f\000o\000r\000m\000a\000c\000i\000\363\000n}{chapter.3}% 37
\BOOKMARK [1][-]{section.3.5}{\376\377\000R\000e\000q\000u\000i\000s\000i\000t\000o\000s\000\040\000f\000u\000n\000c\000i\000o\000n\000a\000l\000e\000s}{chapter.3}% 38
\BOOKMARK [2][-]{subsection.3.5.1}{\376\377\000M\000a\000t\000r\000i\000z\000\040\000d\000e\000\040\000t\000r\000a\000z\000a\000b\000i\000l\000i\000d\000a\000d\000\040\000d\000e\000\040\000r\000e\000q\000u\000i\000s\000i\000t\000o\000s\000\040\000a\000\040\000o\000b\000j\000e\000t\000i\000v\000o\000s}{section.3.5}% 39
\BOOKMARK [1][-]{section.3.6}{\376\377\000D\000i\000s\000e\000\361\000o\000\040\000d\000e\000\040\000m\000o\000c\000k\000u\000p\000s}{chapter.3}% 40
\BOOKMARK [2][-]{subsection.3.6.1}{\376\377\000V\000i\000s\000t\000a\000\040\000g\000e\000n\000e\000r\000a\000l\000\040\000d\000e\000\040\000m\000o\000c\000k\000u\000p\000s}{section.3.6}% 41
\BOOKMARK [1][-]{section.3.7}{\376\377\000R\000e\000q\000u\000i\000s\000i\000t\000o\000s\000\040\000n\000o\000\040\000f\000u\000n\000c\000i\000o\000n\000a\000l\000e\000s}{chapter.3}% 42
\BOOKMARK [1][-]{section.3.8}{\376\377\000R\000e\000g\000l\000a\000s\000\040\000d\000e\000\040\000n\000e\000g\000o\000c\000i\000o}{chapter.3}% 43
\BOOKMARK [2][-]{subsection.3.8.1}{\376\377\000G\000e\000s\000t\000i\000\363\000n\000\040\000d\000e\000\040\000u\000s\000u\000a\000r\000i\000o\000s\000\040\000y\000\040\000r\000o\000l\000e\000s}{section.3.8}% 44
\BOOKMARK [2][-]{subsection.3.8.2}{\376\377\000G\000e\000s\000t\000i\000\363\000n\000\040\000d\000e\000\040\000e\000v\000e\000n\000t\000o\000s}{section.3.8}% 45
\BOOKMARK [2][-]{subsection.3.8.3}{\376\377\000E\000v\000e\000n\000t\000o\000s\000\040\000p\000r\000i\000v\000a\000d\000o\000s}{section.3.8}% 46
\BOOKMARK [2][-]{subsection.3.8.4}{\376\377\000P\000a\000r\000t\000i\000c\000i\000p\000a\000c\000i\000\363\000n\000\040\000e\000n\000\040\000e\000v\000e\000n\000t\000o\000s}{section.3.8}% 47
\BOOKMARK [2][-]{subsection.3.8.5}{\376\377\000C\000o\000m\000u\000n\000i\000c\000a\000c\000i\000\363\000n\000\040\000y\000\040\000c\000o\000n\000t\000e\000n\000i\000d\000o}{section.3.8}% 48
\BOOKMARK [2][-]{subsection.3.8.6}{\376\377\000V\000a\000l\000o\000r\000a\000c\000i\000o\000n\000e\000s\000\040\000y\000\040\000r\000e\000s\000e\000\361\000a\000s}{section.3.8}% 49
\BOOKMARK [2][-]{subsection.3.8.7}{\376\377\000R\000e\000c\000o\000m\000e\000n\000d\000a\000c\000i\000o\000n\000e\000s\000\040\000y\000\040\000g\000e\000o\000l\000o\000c\000a\000l\000i\000z\000a\000c\000i\000\363\000n}{section.3.8}% 50
\BOOKMARK [2][-]{subsection.3.8.8}{\376\377\000S\000c\000r\000a\000p\000i\000n\000g}{section.3.8}% 51
\BOOKMARK [2][-]{subsection.3.8.9}{\376\377\000R\000e\000s\000t\000r\000i\000c\000c\000i\000o\000n\000e\000s\000\040\000d\000e\000\040\000i\000n\000t\000e\000g\000r\000i\000d\000a\000d\000\040\000d\000e\000\040\000d\000a\000t\000o\000s}{section.3.8}% 52
\BOOKMARK [2][-]{subsection.3.8.10}{\376\377\000N\000o\000t\000i\000f\000i\000c\000a\000c\000i\000o\000n\000e\000s}{section.3.8}% 53
\BOOKMARK [1][-]{section.3.9}{\376\377\000C\000u\000m\000p\000l\000i\000m\000i\000e\000n\000t\000o\000\040\000d\000e\000l\000\040\000R\000e\000g\000l\000a\000m\000e\000n\000t\000o\000\040\000G\000e\000n\000e\000r\000a\000l\000\040\000d\000e\000\040\000P\000r\000o\000t\000e\000c\000c\000i\000\363\000n\000\040\000d\000e\000\040\000D\000a\000t\000o\000s\000\040\000\050\000R\000G\000P\000D\000\051}{chapter.3}% 54
\BOOKMARK [2][-]{subsection.3.9.1}{\376\377\000D\000a\000t\000o\000s\000\040\000p\000e\000r\000s\000o\000n\000a\000l\000e\000s\000\040\000t\000r\000a\000t\000a\000d\000o\000s}{section.3.9}% 55
\BOOKMARK [2][-]{subsection.3.9.2}{\376\377\000F\000i\000n\000a\000l\000i\000d\000a\000d\000\040\000y\000\040\000b\000a\000s\000e\000\040\000l\000e\000g\000a\000l\000\040\000d\000e\000l\000\040\000t\000r\000a\000t\000a\000m\000i\000e\000n\000t\000o}{section.3.9}% 56
\BOOKMARK [2][-]{subsection.3.9.3}{\376\377\000T\000e\000r\000c\000e\000r\000o\000s\000\040\000e\000n\000c\000a\000r\000g\000a\000d\000o\000s\000\040\000d\000e\000l\000\040\000t\000r\000a\000t\000a\000m\000i\000e\000n\000t\000o}{section.3.9}% 57
\BOOKMARK [2][-]{subsection.3.9.4}{\376\377\000D\000e\000r\000e\000c\000h\000o\000s\000\040\000d\000e\000\040\000l\000o\000s\000\040\000u\000s\000u\000a\000r\000i\000o\000s}{section.3.9}% 58
\BOOKMARK [2][-]{subsection.3.9.5}{\376\377\000M\000e\000d\000i\000d\000a\000s\000\040\000t\000\351\000c\000n\000i\000c\000a\000s\000\040\000y\000\040\000o\000r\000g\000a\000n\000i\000z\000a\000t\000i\000v\000a\000s}{section.3.9}% 59
\BOOKMARK [2][-]{subsection.3.9.6}{\376\377\000C\000o\000n\000s\000e\000n\000t\000i\000m\000i\000e\000n\000t\000o\000\040\000e\000x\000p\000l\000\355\000c\000i\000t\000o\000\040\000e\000n\000\040\000e\000l\000\040\000r\000e\000g\000i\000s\000t\000r\000o}{section.3.9}% 60
\BOOKMARK [1][-]{section.3.10}{\376\377\000C\000o\000n\000c\000l\000u\000s\000i\000o\000n\000e\000s}{chapter.3}% 61
\BOOKMARK [0][-]{chapter.4}{\376\377\000D\000i\000s\000e\000\361\000o\000\040\000d\000e\000\040\000l\000a\000\040\000s\000o\000l\000u\000c\000i\000\363\000n}{}% 62
\BOOKMARK [1][-]{section.4.1}{\376\377\000I\000n\000t\000r\000o\000d\000u\000c\000c\000i\000\363\000n}{chapter.4}% 63
\BOOKMARK [1][-]{section.4.2}{\376\377\000A\000r\000q\000u\000i\000t\000e\000c\000t\000u\000r\000a\000\040\000d\000e\000l\000\040\000s\000i\000s\000t\000e\000m\000a}{chapter.4}% 64
\BOOKMARK [2][-]{subsection.4.2.1}{\376\377\000A\000p\000l\000i\000c\000a\000c\000i\000\363\000n\000\040\000m\000\363\000v\000i\000l\000\040\000\050\000f\000r\000o\000n\000t\000e\000n\000d\000\051}{section.4.2}% 65
\BOOKMARK [2][-]{subsection.4.2.2}{\376\377\000S\000e\000r\000v\000i\000d\000o\000r\000\040\000b\000a\000c\000k\000e\000n\000d}{section.4.2}% 66
\BOOKMARK [2][-]{subsection.4.2.3}{\376\377\000B\000a\000s\000e\000\040\000d\000e\000\040\000d\000a\000t\000o\000s}{section.4.2}% 67
\BOOKMARK [2][-]{subsection.4.2.4}{\376\377\000S\000e\000r\000v\000i\000c\000i\000o\000s\000\040\000e\000x\000t\000e\000r\000n\000o\000s}{section.4.2}% 68
\BOOKMARK [1][-]{section.4.3}{\376\377\000M\000o\000d\000e\000l\000o\000\040\000d\000e\000\040\000d\000a\000t\000o\000s}{chapter.4}% 69
\BOOKMARK [2][-]{subsection.4.3.1}{\376\377\000D\000i\000a\000g\000r\000a\000m\000a\000\040\000e\000n\000t\000i\000d\000a\000d\000-\000r\000e\000l\000a\000c\000i\000\363\000n}{section.4.3}% 70
\BOOKMARK [1][-]{section.4.4}{\376\377\000D\000i\000s\000e\000\361\000o\000\040\000d\000e\000\040\000l\000a\000\040\000A\000P\000I\000\040\000R\000E\000S\000T}{chapter.4}% 71
\BOOKMARK [2][-]{subsection.4.4.1}{\376\377\000V\000e\000r\000s\000i\000o\000n\000a\000d\000o}{section.4.4}% 72
\BOOKMARK [2][-]{subsection.4.4.2}{\376\377\000A\000u\000t\000e\000n\000t\000i\000c\000a\000c\000i\000\363\000n\000\040\000y\000\040\000c\000o\000n\000t\000r\000o\000l\000\040\000d\000e\000\040\000a\000c\000c\000e\000s\000o}{section.4.4}% 73
\BOOKMARK [2][-]{subsection.4.4.3}{\376\377\000E\000n\000d\000p\000o\000i\000n\000t\000s\000\040\000p\000r\000i\000n\000c\000i\000p\000a\000l\000e\000s}{section.4.4}% 74
\BOOKMARK [1][-]{section.4.5}{\376\377\000F\000l\000u\000j\000o\000\040\000d\000e\000\040\000i\000n\000t\000e\000r\000a\000c\000c\000i\000\363\000n\000\040\000d\000e\000l\000\040\000u\000s\000u\000a\000r\000i\000o}{chapter.4}% 75
\BOOKMARK [1][-]{section.4.6}{\376\377\000D\000i\000s\000e\000\361\000o\000\040\000d\000e\000l\000\040\000s\000i\000s\000t\000e\000m\000a\000\040\000d\000e\000\040\000m\000o\000d\000e\000r\000a\000c\000i\000\363\000n}{chapter.4}% 76
\BOOKMARK [1][-]{section.4.7}{\376\377\000F\000l\000u\000j\000o\000\040\000d\000e\000\040\000i\000n\000t\000e\000r\000a\000c\000c\000i\000\363\000n\000\040\000d\000e\000l\000\040\000a\000d\000m\000i\000n\000i\000s\000t\000r\000a\000d\000o\000r}{chapter.4}% 77
\BOOKMARK [1][-]{section.4.8}{\376\377\000D\000i\000s\000e\000\361\000o\000\040\000d\000e\000\040\000l\000a\000\040\000i\000n\000t\000e\000r\000f\000a\000z\000\040\000d\000e\000\040\000u\000s\000u\000a\000r\000i\000o}{chapter.4}% 78
\BOOKMARK [2][-]{subsection.4.8.1}{\376\377\000P\000r\000i\000n\000c\000i\000p\000i\000o\000s\000\040\000d\000e\000\040\000d\000i\000s\000e\000\361\000o}{section.4.8}% 79
\BOOKMARK [2][-]{subsection.4.8.2}{\376\377\000G\000r\000a\000f\000o\000\040\000d\000e\000\040\000n\000a\000v\000e\000g\000a\000c\000i\000\363\000n}{section.4.8}% 80
\BOOKMARK [2][-]{subsection.4.8.3}{\376\377\000P\000a\000n\000t\000a\000l\000l\000a\000s\000\040\000d\000e\000l\000\040\000s\000i\000s\000t\000e\000m\000a}{section.4.8}% 81
\BOOKMARK [1][-]{section.4.9}{\376\377\000D\000i\000s\000e\000\361\000o\000\040\000d\000e\000l\000\040\000s\000i\000s\000t\000e\000m\000a\000\040\000d\000e\000\040\000c\000o\000m\000u\000n\000i\000c\000a\000c\000i\000\363\000n\000\040\000e\000n\000\040\000t\000i\000e\000m\000p\000o\000\040\000r\000e\000a\000l}{chapter.4}% 82
\BOOKMARK [2][-]{subsection.4.9.1}{\376\377\000C\000i\000c\000l\000o\000\040\000d\000e\000\040\000v\000i\000d\000a\000\040\000d\000e\000\040\000l\000a\000\040\000c\000o\000n\000e\000x\000i\000\363\000n\000\040\000y\000\040\000l\000o\000s\000\040\000l\000i\000s\000t\000e\000n\000e\000r\000s}{section.4.9}% 83
\BOOKMARK [1][-]{section.4.10}{\376\377\000D\000i\000s\000e\000\361\000o\000\040\000d\000e\000l\000\040\000s\000i\000s\000t\000e\000m\000a\000\040\000d\000e\000\040\000r\000e\000c\000o\000m\000e\000n\000d\000a\000c\000i\000o\000n\000e\000s}{chapter.4}% 84
\BOOKMARK [1][-]{section.4.11}{\376\377\000P\000a\000t\000r\000o\000n\000e\000s\000\040\000d\000e\000\040\000d\000i\000s\000e\000\361\000o\000\040\000a\000p\000l\000i\000c\000a\000d\000o\000s}{chapter.4}% 85
\BOOKMARK [1][-]{section.4.12}{\376\377\000D\000e\000c\000i\000s\000i\000o\000n\000e\000s\000\040\000d\000e\000\040\000d\000i\000s\000e\000\361\000o\000\040\000r\000e\000l\000e\000v\000a\000n\000t\000e\000s}{chapter.4}% 86
\BOOKMARK [2][-]{subsection.4.12.1}{\376\377\000R\000o\000l\000e\000s\000,\000\040\000p\000e\000r\000m\000i\000s\000o\000s\000\040\000y\000\040\000r\000e\000s\000p\000o\000n\000s\000a\000b\000i\000l\000i\000d\000a\000d\000e\000s}{section.4.12}% 87
\BOOKMARK [2][-]{subsection.4.12.2}{\376\377\000M\000o\000d\000e\000r\000a\000c\000i\000\363\000n\000\040\000y\000\040\000c\000i\000c\000l\000o\000\040\000d\000e\000\040\000v\000i\000d\000a\000\040\000d\000e\000\040\000e\000v\000e\000n\000t\000o\000s}{section.4.12}% 88
\BOOKMARK [2][-]{subsection.4.12.3}{\376\377\000C\000o\000m\000u\000n\000i\000c\000a\000c\000i\000\363\000n\000,\000\040\000t\000i\000e\000m\000p\000o\000\040\000r\000e\000a\000l\000\040\000y\000\040\000n\000o\000t\000i\000f\000i\000c\000a\000c\000i\000o\000n\000e\000s}{section.4.12}% 89
\BOOKMARK [2][-]{subsection.4.12.4}{\376\377\000V\000i\000s\000i\000b\000i\000l\000i\000d\000a\000d\000,\000\040\000r\000e\000c\000u\000r\000r\000e\000n\000c\000i\000a\000\040\000y\000\040\000d\000a\000t\000o\000s\000\040\000g\000e\000o\000g\000r\000\341\000f\000i\000c\000o\000s}{section.4.12}% 90
\BOOKMARK [2][-]{subsection.4.12.5}{\376\377\000A\000u\000t\000o\000m\000a\000t\000i\000z\000a\000c\000i\000\363\000n\000\040\000y\000\040\000f\000u\000e\000n\000t\000e\000s\000\040\000e\000x\000t\000e\000r\000n\000a\000s}{section.4.12}% 91
\BOOKMARK [2][-]{subsection.4.12.6}{\376\377\000E\000s\000t\000a\000d\000o\000\040\000d\000e\000l\000\040\000f\000r\000o\000n\000t\000e\000n\000d\000\040\000y\000\040\000e\000x\000p\000e\000r\000i\000e\000n\000c\000i\000a\000\040\000d\000e\000\040\000u\000s\000u\000a\000r\000i\000o}{section.4.12}% 92
\BOOKMARK [2][-]{subsection.4.12.7}{\376\377\000S\000e\000g\000u\000r\000i\000d\000a\000d\000,\000\040\000a\000d\000m\000i\000n\000i\000s\000t\000r\000a\000c\000i\000\363\000n\000\040\000y\000\040\000r\000e\000g\000l\000a\000s\000\040\000d\000e\000\040\000a\000c\000c\000e\000s\000o}{section.4.12}% 93
\BOOKMARK [2][-]{subsection.4.12.8}{\376\377\000E\000l\000e\000c\000c\000i\000\363\000n\000\040\000d\000e\000\040\000t\000e\000c\000n\000o\000l\000o\000g\000\355\000a\000s\000\040\000e\000\040\000i\000n\000f\000r\000a\000e\000s\000t\000r\000u\000c\000t\000u\000r\000a}{section.4.12}% 94
\BOOKMARK [2][-]{subsection.4.12.9}{\376\377\000F\000u\000n\000c\000i\000o\000n\000a\000l\000i\000d\000a\000d\000e\000s\000\040\000s\000o\000c\000i\000a\000l\000e\000s\000\040\000y\000\040\000r\000e\000g\000l\000a\000s\000\040\000d\000e\000\040\000d\000o\000m\000i\000n\000i\000o}{section.4.12}% 95
\BOOKMARK [1][-]{section.4.13}{\376\377\000C\000o\000n\000c\000l\000u\000s\000i\000o\000n\000e\000s}{chapter.4}% 96
\BOOKMARK [0][-]{chapter.5}{\376\377\000I\000m\000p\000l\000e\000m\000e\000n\000t\000a\000c\000i\000\363\000n}{}% 97
\BOOKMARK [1][-]{section.5.1}{\376\377\000I\000n\000t\000r\000o\000d\000u\000c\000c\000i\000\363\000n}{chapter.5}% 98
\BOOKMARK [1][-]{section.5.2}{\376\377\000E\000s\000t\000r\000u\000c\000t\000u\000r\000a\000\040\000d\000e\000l\000\040\000p\000r\000o\000y\000e\000c\000t\000o}{chapter.5}% 99
\BOOKMARK [1][-]{section.5.3}{\376\377\000I\000m\000p\000l\000e\000m\000e\000n\000t\000a\000c\000i\000\363\000n\000\040\000d\000e\000l\000\040\000b\000a\000c\000k\000e\000n\000d}{chapter.5}% 100
\BOOKMARK [2][-]{subsection.5.3.1}{\376\377\000O\000r\000g\000a\000n\000i\000z\000a\000c\000i\000\363\000n\000\040\000m\000o\000d\000u\000l\000a\000r}{section.5.3}% 101
\BOOKMARK [2][-]{subsection.5.3.2}{\376\377\000P\000e\000r\000s\000i\000s\000t\000e\000n\000c\000i\000a\000\040\000g\000e\000o\000g\000r\000\341\000f\000i\000c\000a\000\040\000c\000o\000n\000\040\000T\000y\000p\000e\000O\000R\000M}{section.5.3}% 102
\BOOKMARK [2][-]{subsection.5.3.3}{\376\377\000S\000c\000r\000a\000p\000i\000n\000g\000\040\000d\000e\000\040\000e\000v\000e\000n\000t\000o\000s\000\040\000e\000x\000t\000e\000r\000n\000o\000s}{section.5.3}% 103
\BOOKMARK [2][-]{subsection.5.3.4}{\376\377\000T\000a\000r\000e\000a\000s\000\040\000p\000r\000o\000g\000r\000a\000m\000a\000d\000a\000s}{section.5.3}% 104
\BOOKMARK [2][-]{subsection.5.3.5}{\376\377\000A\000P\000I\000\040\000d\000e\000\040\000e\000v\000e\000n\000t\000o\000s}{section.5.3}% 105
\BOOKMARK [2][-]{subsection.5.3.6}{\376\377\000V\000a\000l\000i\000d\000a\000c\000i\000\363\000n\000\040\000d\000e\000\040\000d\000a\000t\000o\000s}{section.5.3}% 106
\BOOKMARK [2][-]{subsection.5.3.7}{\376\377\000A\000c\000t\000u\000a\000l\000i\000z\000a\000c\000i\000\363\000n\000\040\000d\000e\000\040\000e\000v\000e\000n\000t\000o\000s}{section.5.3}% 107
\BOOKMARK [2][-]{subsection.5.3.8}{\376\377\000C\000o\000n\000t\000r\000o\000l\000\040\000d\000e\000\040\000r\000o\000l\000e\000s}{section.5.3}% 108
\BOOKMARK [2][-]{subsection.5.3.9}{\376\377\000L\000i\000m\000i\000t\000a\000c\000i\000\363\000n\000\040\000d\000e\000\040\000v\000e\000l\000o\000c\000i\000d\000a\000d}{section.5.3}% 109
\BOOKMARK [2][-]{subsection.5.3.10}{\376\377\000A\000u\000t\000e\000n\000t\000i\000c\000a\000c\000i\000\363\000n\000\040\000e\000n\000\040\000e\000n\000d\000p\000o\000i\000n\000t\000s\000\040\000p\000r\000o\000t\000e\000g\000i\000d\000o\000s}{section.5.3}% 110
\BOOKMARK [2][-]{subsection.5.3.11}{\376\377\000E\000v\000e\000n\000t\000o\000s\000\040\000r\000e\000c\000u\000r\000r\000e\000n\000t\000e\000s}{section.5.3}% 111
\BOOKMARK [1][-]{section.5.4}{\376\377\000I\000m\000p\000l\000e\000m\000e\000n\000t\000a\000c\000i\000\363\000n\000\040\000d\000e\000l\000\040\000f\000r\000o\000n\000t\000e\000n\000d}{chapter.5}% 112
\BOOKMARK [2][-]{subsection.5.4.1}{\376\377\000E\000s\000t\000r\000u\000c\000t\000u\000r\000a\000\040\000d\000e\000\040\000p\000a\000n\000t\000a\000l\000l\000a\000s}{section.5.4}% 113
\BOOKMARK [2][-]{subsection.5.4.2}{\376\377\000E\000s\000t\000a\000d\000o\000\040\000g\000l\000o\000b\000a\000l\000\040\000y\000\040\000p\000r\000o\000v\000e\000e\000d\000o\000r\000e\000s}{section.5.4}% 114
\BOOKMARK [2][-]{subsection.5.4.3}{\376\377\000C\000o\000m\000u\000n\000i\000c\000a\000c\000i\000\363\000n\000\040\000c\000o\000n\000\040\000l\000a\000\040\000A\000P\000I}{section.5.4}% 115
\BOOKMARK [2][-]{subsection.5.4.4}{\376\377\000G\000e\000s\000t\000i\000\363\000n\000\040\000d\000e\000\040\000m\000a\000p\000a\000s}{section.5.4}% 116
\BOOKMARK [2][-]{subsection.5.4.5}{\376\377\000G\000e\000s\000t\000i\000\363\000n\000\040\000d\000e\000\040\000i\000m\000\341\000g\000e\000n\000e\000s}{section.5.4}% 117
\BOOKMARK [2][-]{subsection.5.4.6}{\376\377\000U\000t\000i\000l\000i\000d\000a\000d\000e\000s\000\040\000d\000e\000\040\000p\000r\000e\000s\000e\000n\000t\000a\000c\000i\000\363\000n\000\040\000y\000\040\000n\000o\000r\000m\000a\000l\000i\000z\000a\000c\000i\000\363\000n}{section.5.4}% 118
\BOOKMARK [1][-]{section.5.5}{\376\377\000I\000m\000p\000l\000e\000m\000e\000n\000t\000a\000c\000i\000\363\000n\000\040\000d\000e\000\040\000f\000u\000n\000c\000i\000o\000n\000a\000l\000i\000d\000a\000d\000e\000s\000\040\000p\000r\000i\000n\000c\000i\000p\000a\000l\000e\000s}{chapter.5}% 119
\BOOKMARK [2][-]{subsection.5.5.1}{\376\377\000E\000v\000e\000n\000t\000o\000s\000,\000\040\000a\000d\000m\000i\000n\000i\000s\000t\000r\000a\000c\000i\000\363\000n\000\040\000y\000\040\000m\000o\000d\000e\000r\000a\000c\000i\000\363\000n}{section.5.5}% 120
\BOOKMARK [2][-]{subsection.5.5.2}{\376\377\000R\000e\000c\000o\000m\000e\000n\000d\000a\000c\000i\000o\000n\000e\000s\000\040\000y\000\040\000r\000u\000t\000a\000s}{section.5.5}% 121
\BOOKMARK [2][-]{subsection.5.5.3}{\376\377\000U\000s\000u\000a\000r\000i\000o\000s\000\040\000y\000\040\000f\000u\000n\000c\000i\000o\000n\000e\000s\000\040\000s\000o\000c\000i\000a\000l\000e\000s}{section.5.5}% 122
\BOOKMARK [2][-]{subsection.5.5.4}{\376\377\000C\000o\000m\000u\000n\000i\000c\000a\000c\000i\000\363\000n\000\040\000y\000\040\000n\000o\000t\000i\000f\000i\000c\000a\000c\000i\000o\000n\000e\000s}{section.5.5}% 123
\BOOKMARK [1][-]{section.5.6}{\376\377\000C\000a\000r\000g\000a\000\040\000i\000n\000i\000c\000i\000a\000l\000\040\000y\000\040\000m\000a\000n\000t\000e\000n\000i\000m\000i\000e\000n\000t\000o\000\040\000d\000e\000\040\000d\000a\000t\000o\000s}{chapter.5}% 124
\BOOKMARK [1][-]{section.5.7}{\376\377\000D\000e\000s\000p\000l\000i\000e\000g\000u\000e\000\040\000y\000\040\000e\000n\000t\000o\000r\000n\000o\000\040\000d\000e\000\040\000d\000e\000s\000a\000r\000r\000o\000l\000l\000o}{chapter.5}% 125
\BOOKMARK [1][-]{section.5.8}{\376\377\000C\000o\000n\000c\000l\000u\000s\000i\000o\000n\000e\000s}{chapter.5}% 126
\BOOKMARK [0][-]{chapter.6}{\376\377\000P\000r\000u\000e\000b\000a\000s}{}% 127
\BOOKMARK [1][-]{section.6.1}{\376\377\000I\000n\000t\000r\000o\000d\000u\000c\000c\000i\000\363\000n}{chapter.6}% 128
\BOOKMARK [1][-]{section.6.2}{\376\377\000M\000e\000t\000o\000d\000o\000l\000o\000g\000\355\000a\000\040\000y\000\040\000t\000i\000p\000o\000s\000\040\000d\000e\000\040\000p\000r\000u\000e\000b\000a\000s}{chapter.6}% 129
\BOOKMARK [2][-]{subsection.6.2.1}{\376\377\000P\000r\000u\000e\000b\000a\000s\000\040\000u\000n\000i\000t\000a\000r\000i\000a\000s\000\040\000d\000e\000l\000\040\000b\000a\000c\000k\000e\000n\000d}{section.6.2}% 130
\BOOKMARK [2][-]{subsection.6.2.2}{\376\377\000R\000e\000s\000u\000m\000e\000n\000\040\000d\000e\000\040\000p\000r\000u\000e\000b\000a\000s\000\040\000u\000n\000i\000t\000a\000r\000i\000a\000s}{section.6.2}% 131
\BOOKMARK [2][-]{subsection.6.2.3}{\376\377\000C\000o\000b\000e\000r\000t\000u\000r\000a\000\040\000d\000e\000\040\000c\000\363\000d\000i\000g\000o}{section.6.2}% 132
\BOOKMARK [2][-]{subsection.6.2.4}{\376\377\000P\000r\000u\000e\000b\000a\000s\000\040\000d\000e\000\040\000a\000c\000e\000p\000t\000a\000c\000i\000\363\000n}{section.6.2}% 133
\BOOKMARK [1][-]{section.6.3}{\376\377\000E\000n\000t\000o\000r\000n\000o\000\040\000d\000e\000\040\000p\000r\000u\000e\000b\000a\000s}{chapter.6}% 134
\BOOKMARK [2][-]{subsection.6.3.1}{\376\377\000I\000n\000c\000i\000d\000e\000n\000c\000i\000a\000s\000\040\000d\000e\000\040\000c\000o\000m\000p\000a\000t\000i\000b\000i\000l\000i\000d\000a\000d\000\040\000c\000o\000n\000\040\000A\000n\000d\000r\000o\000i\000d}{section.6.3}% 135
\BOOKMARK [1][-]{section.6.4}{\376\377\000P\000l\000a\000n\000\040\000d\000e\000\040\000p\000r\000u\000e\000b\000a\000s\000\040\000d\000e\000\040\000a\000c\000e\000p\000t\000a\000c\000i\000\363\000n}{chapter.6}% 136
\BOOKMARK [2][-]{subsection.6.4.1}{\376\377\000P\000r\000u\000e\000b\000a\000s\000\040\000d\000e\000\040\000a\000u\000t\000e\000n\000t\000i\000c\000a\000c\000i\000\363\000n\000\040\000y\000\040\000p\000e\000r\000f\000i\000l}{section.6.4}% 137
\BOOKMARK [2][-]{subsection.6.4.2}{\376\377\000P\000r\000u\000e\000b\000a\000s\000\040\000d\000e\000\040\000c\000o\000n\000s\000u\000l\000t\000a\000,\000\040\000b\000\372\000s\000q\000u\000e\000d\000a\000\040\000y\000\040\000d\000e\000t\000a\000l\000l\000e\000\040\000d\000e\000\040\000e\000v\000e\000n\000t\000o\000s}{section.6.4}% 138
\BOOKMARK [2][-]{subsection.6.4.3}{\376\377\000P\000r\000u\000e\000b\000a\000s\000\040\000d\000e\000\040\000g\000e\000o\000l\000o\000c\000a\000l\000i\000z\000a\000c\000i\000\363\000n\000\040\000y\000\040\000m\000a\000p\000a}{section.6.4}% 139
\BOOKMARK [2][-]{subsection.6.4.4}{\376\377\000P\000r\000u\000e\000b\000a\000s\000\040\000d\000e\000\040\000i\000n\000t\000e\000r\000a\000c\000c\000i\000\363\000n\000\040\000s\000o\000c\000i\000a\000l\000:\000\040\000c\000h\000a\000t\000,\000\040\000m\000e\000n\000s\000a\000j\000e\000r\000\355\000a\000\040\000y\000\040\000v\000a\000l\000o\000r\000a\000c\000i\000o\000n\000e\000s}{section.6.4}% 140
\BOOKMARK [2][-]{subsection.6.4.5}{\376\377\000P\000r\000u\000e\000b\000a\000s\000\040\000d\000e\000\040\000r\000e\000c\000o\000m\000e\000n\000d\000a\000c\000i\000o\000n\000e\000s\000\040\000y\000\040\000r\000u\000t\000a\000s}{section.6.4}% 141
\BOOKMARK [2][-]{subsection.6.4.6}{\376\377\000P\000r\000u\000e\000b\000a\000s\000\040\000d\000e\000\040\000e\000v\000e\000n\000t\000o\000s\000\040\000p\000r\000i\000v\000a\000d\000o\000s\000\040\000y\000\040\000g\000e\000s\000t\000i\000\363\000n\000\040\000d\000e\000\040\000e\000v\000e\000n\000t\000o\000s\000\040\000c\000r\000e\000a\000d\000o\000s}{section.6.4}% 142
\BOOKMARK [2][-]{subsection.6.4.7}{\376\377\000P\000r\000u\000e\000b\000a\000s\000\040\000d\000e\000\040\000a\000d\000m\000i\000n\000i\000s\000t\000r\000a\000c\000i\000\363\000n\000\040\000y\000\040\000m\000o\000d\000e\000r\000a\000c\000i\000\363\000n}{section.6.4}% 143
\BOOKMARK [2][-]{subsection.6.4.8}{\376\377\000P\000r\000u\000e\000b\000a\000s\000\040\000d\000e\000\040\000n\000o\000t\000i\000f\000i\000c\000a\000c\000i\000o\000n\000e\000s}{section.6.4}% 144
\BOOKMARK [2][-]{subsection.6.4.9}{\376\377\000P\000r\000u\000e\000b\000a\000s\000\040\000c\000o\000m\000p\000l\000e\000m\000e\000n\000t\000a\000r\000i\000a\000s\000\040\000i\000n\000c\000o\000r\000p\000o\000r\000a\000d\000a\000s\000\040\000e\000n\000\040\000l\000a\000\040\000r\000e\000v\000i\000s\000i\000\363\000n\000\040\000f\000i\000n\000a\000l}{section.6.4}% 145
\BOOKMARK [1][-]{section.6.5}{\376\377\000R\000e\000s\000u\000l\000t\000a\000d\000o\000s\000\040\000d\000e\000\040\000l\000a\000s\000\040\000p\000r\000u\000e\000b\000a\000s\000\040\000d\000e\000\040\000a\000c\000e\000p\000t\000a\000c\000i\000\363\000n}{chapter.6}% 146
\BOOKMARK [1][-]{section.6.6}{\376\377\000C\000o\000n\000c\000l\000u\000s\000i\000o\000n\000e\000s}{chapter.6}% 147
\BOOKMARK [0][-]{chapter.7}{\376\377\000C\000o\000n\000c\000l\000u\000s\000i\000o\000n\000e\000s}{}% 148
\BOOKMARK [1][-]{section.7.1}{\376\377\000I\000n\000t\000r\000o\000d\000u\000c\000c\000i\000\363\000n}{chapter.7}% 149
\BOOKMARK [1][-]{section.7.2}{\376\377\000O\000b\000j\000e\000t\000i\000v\000o\000s\000\040\000a\000l\000c\000a\000n\000z\000a\000d\000o\000s}{chapter.7}% 150
\BOOKMARK [2][-]{subsection.7.2.1}{\376\377\000O\000b\000j\000e\000t\000i\000v\000o\000s\000\040\000d\000e\000l\000\040\000p\000r\000o\000y\000e\000c\000t\000o}{section.7.2}% 151
\BOOKMARK [2][-]{subsection.7.2.2}{\376\377\000O\000b\000j\000e\000t\000i\000v\000o\000s\000\040\000d\000e\000l\000\040\000s\000i\000s\000t\000e\000m\000a}{section.7.2}% 152
\BOOKMARK [1][-]{section.7.3}{\376\377\000R\000e\000s\000u\000l\000t\000a\000d\000o\000s\000\040\000o\000b\000t\000e\000n\000i\000d\000o\000s}{chapter.7}% 153
\BOOKMARK [1][-]{section.7.4}{\376\377\000L\000e\000c\000c\000i\000o\000n\000e\000s\000\040\000a\000p\000r\000e\000n\000d\000i\000d\000a\000s}{chapter.7}% 154
\BOOKMARK [1][-]{section.7.5}{\376\377\000D\000e\000s\000v\000i\000a\000c\000i\000o\000n\000e\000s\000\040\000r\000e\000s\000p\000e\000c\000t\000o\000\040\000a\000\040\000l\000a\000\040\000p\000l\000a\000n\000i\000f\000i\000c\000a\000c\000i\000\363\000n}{chapter.7}% 155
\BOOKMARK [1][-]{section.7.6}{\376\377\000C\000o\000n\000s\000i\000d\000e\000r\000a\000c\000i\000o\000n\000e\000s\000\040\000d\000e\000\040\000s\000e\000g\000u\000r\000i\000d\000a\000d\000\040\000y\000\040\000p\000r\000i\000v\000a\000c\000i\000d\000a\000d}{chapter.7}% 156
\BOOKMARK [2][-]{subsection.7.6.1}{\376\377\000L\000i\000m\000i\000t\000a\000c\000i\000o\000n\000e\000s\000\040\000r\000e\000s\000p\000e\000c\000t\000o\000\040\000a\000l\000\040\000R\000G\000P\000D}{section.7.6}% 157
\BOOKMARK [1][-]{section.7.7}{\376\377\000T\000r\000a\000b\000a\000j\000o\000\040\000f\000u\000t\000u\000r\000o}{chapter.7}% 158
\BOOKMARK [2][-]{subsection.7.7.1}{\376\377\000M\000e\000j\000o\000r\000a\000s\000\040\000s\000o\000b\000r\000e\000\040\000f\000u\000n\000c\000i\000o\000n\000a\000l\000i\000d\000a\000d\000e\000s\000\040\000e\000x\000i\000s\000t\000e\000n\000t\000e\000s}{section.7.7}% 159
\BOOKMARK [2][-]{subsection.7.7.2}{\376\377\000N\000u\000e\000v\000a\000s\000\040\000f\000u\000n\000c\000i\000o\000n\000a\000l\000i\000d\000a\000d\000e\000s}{section.7.7}% 160
\BOOKMARK [1][-]{section.7.8}{\376\377\000U\000s\000o\000\040\000d\000e\000\040\000h\000e\000r\000r\000a\000m\000i\000e\000n\000t\000a\000s\000\040\000d\000e\000\040\000i\000n\000t\000e\000l\000i\000g\000e\000n\000c\000i\000a\000\040\000a\000r\000t\000i\000f\000i\000c\000i\000a\000l}{chapter.7}% 161
\BOOKMARK [2][-]{subsection.7.8.1}{\376\377\000H\000e\000r\000r\000a\000m\000i\000e\000n\000t\000a\000s\000\040\000u\000t\000i\000l\000i\000z\000a\000d\000a\000s}{section.7.8}% 162
\BOOKMARK [2][-]{subsection.7.8.2}{\376\377\000A\000l\000c\000a\000n\000c\000e\000\040\000d\000e\000l\000\040\000u\000s\000o}{section.7.8}% 163
\BOOKMARK [2][-]{subsection.7.8.3}{\376\377\000V\000e\000r\000i\000f\000i\000c\000a\000c\000i\000\363\000n}{section.7.8}% 164
\BOOKMARK [1][-]{section.7.9}{\376\377\000C\000o\000n\000c\000l\000u\000s\000i\000\363\000n\000\040\000f\000i\000n\000a\000l}{chapter.7}% 165
\BOOKMARK [0][-]{chapter*.153}{\376\377\000B\000i\000b\000l\000i\000o\000g\000r\000a\000f\000\355\000a}{}% 166
\BOOKMARK [0][-]{section*.154}{\376\377\000A\000n\000e\000x\000o\000s}{}% 167
\BOOKMARK [0][-]{appendix.Alph1}{\376\377\000G\000l\000o\000s\000a\000r\000i\000o\000\040\000d\000e\000\040\000t\000\351\000r\000m\000i\000n\000o\000s}{}% 168
\BOOKMARK [0][-]{appendix.Alph2}{\376\377\000M\000a\000n\000u\000a\000l\000\040\000d\000e\000\040\000D\000e\000s\000a\000r\000r\000o\000l\000l\000o}{}% 169
\BOOKMARK [1][-]{section.Alph2.1}{\376\377\000O\000b\000j\000e\000t\000i\000v\000o}{appendix.Alph2}% 170
\BOOKMARK [1][-]{section.Alph2.2}{\376\377\000A\000r\000q\000u\000i\000t\000e\000c\000t\000u\000r\000a\000\040\000d\000e\000l\000\040\000s\000i\000s\000t\000e\000m\000a}{appendix.Alph2}% 171
\BOOKMARK [2][-]{subsection.Alph2.2.1}{\376\377\000V\000i\000s\000i\000\363\000n\000\040\000g\000e\000n\000e\000r\000a\000l}{section.Alph2.2}% 172
\BOOKMARK [2][-]{subsection.Alph2.2.2}{\376\377\000C\000l\000i\000e\000n\000t\000e\000\040\000m\000\363\000v\000i\000l}{section.Alph2.2}% 173
\BOOKMARK [2][-]{subsection.Alph2.2.3}{\376\377\000S\000e\000r\000v\000i\000d\000o\000r\000\040\000b\000a\000c\000k\000e\000n\000d}{section.Alph2.2}% 174
\BOOKMARK [2][-]{subsection.Alph2.2.4}{\376\377\000B\000a\000s\000e\000\040\000d\000e\000\040\000d\000a\000t\000o\000s}{section.Alph2.2}% 175
\BOOKMARK [2][-]{subsection.Alph2.2.5}{\376\377\000S\000e\000r\000v\000i\000c\000i\000o\000s\000\040\000e\000x\000t\000e\000r\000n\000o\000s}{section.Alph2.2}% 176
\BOOKMARK [1][-]{section.Alph2.3}{\376\377\000T\000e\000c\000n\000o\000l\000o\000g\000\355\000a\000s\000\040\000y\000\040\000v\000e\000r\000s\000i\000o\000n\000e\000s}{appendix.Alph2}% 177
\BOOKMARK [1][-]{section.Alph2.4}{\376\377\000P\000r\000e\000r\000r\000e\000q\000u\000i\000s\000i\000t\000o\000s}{appendix.Alph2}% 178
\BOOKMARK [1][-]{section.Alph2.5}{\376\377\000O\000b\000t\000e\000n\000c\000i\000\363\000n\000\040\000d\000e\000l\000\040\000c\000\363\000d\000i\000g\000o\000\040\000f\000u\000e\000n\000t\000e}{appendix.Alph2}% 179
\BOOKMARK [1][-]{section.Alph2.6}{\376\377\000I\000n\000s\000t\000a\000l\000a\000c\000i\000\363\000n\000\040\000d\000e\000\040\000d\000e\000p\000e\000n\000d\000e\000n\000c\000i\000a\000s}{appendix.Alph2}% 180
\BOOKMARK [1][-]{section.Alph2.7}{\376\377\000V\000a\000r\000i\000a\000b\000l\000e\000s\000\040\000d\000e\000\040\000e\000n\000t\000o\000r\000n\000o}{appendix.Alph2}% 181
\BOOKMARK [2][-]{subsection.Alph2.7.1}{\376\377\000B\000a\000c\000k\000e\000n\000d\000\040\000\050\000a\000p\000p\000s\000/\000b\000a\000c\000k\000e\000n\000d\000/\000.\000e\000n\000v\000.\000d\000e\000v\000e\000l\000o\000p\000m\000e\000n\000t\000\051}{section.Alph2.7}% 182
\BOOKMARK [2][-]{subsection.Alph2.7.2}{\376\377\000F\000r\000o\000n\000t\000e\000n\000d\000\040\000\050\000a\000p\000p\000s\000/\000f\000r\000o\000n\000t\000e\000n\000d\000/\000.\000e\000n\000v\000.\000d\000e\000v\000e\000l\000o\000p\000m\000e\000n\000t\000\051}{section.Alph2.7}% 183
\BOOKMARK [1][-]{section.Alph2.8}{\376\377\000E\000j\000e\000c\000u\000c\000i\000\363\000n\000\040\000l\000o\000c\000a\000l}{appendix.Alph2}% 184
\BOOKMARK [2][-]{subsection.Alph2.8.1}{\376\377\0001\000.\000\040\000B\000a\000s\000e\000\040\000d\000e\000\040\000d\000a\000t\000o\000s}{section.Alph2.8}% 185
\BOOKMARK [2][-]{subsection.Alph2.8.2}{\376\377\0002\000.\000\040\000B\000a\000c\000k\000e\000n\000d}{section.Alph2.8}% 186
\BOOKMARK [2][-]{subsection.Alph2.8.3}{\376\377\0003\000.\000\040\000F\000r\000o\000n\000t\000e\000n\000d}{section.Alph2.8}% 187
\BOOKMARK [1][-]{section.Alph2.9}{\376\377\000E\000s\000t\000r\000u\000c\000t\000u\000r\000a\000\040\000d\000e\000l\000\040\000p\000r\000o\000y\000e\000c\000t\000o}{appendix.Alph2}% 188
\BOOKMARK [2][-]{subsection.Alph2.9.1}{\376\377\000M\000\363\000d\000u\000l\000o\000s\000\040\000d\000e\000l\000\040\000b\000a\000c\000k\000e\000n\000d}{section.Alph2.9}% 189
\BOOKMARK [2][-]{subsection.Alph2.9.2}{\376\377\000P\000a\000n\000t\000a\000l\000l\000a\000s\000\040\000d\000e\000l\000\040\000f\000r\000o\000n\000t\000e\000n\000d}{section.Alph2.9}% 190
\BOOKMARK [1][-]{section.Alph2.10}{\376\377\000E\000c\000o\000s\000i\000s\000t\000e\000m\000a\000\040\000d\000e\000\040\000d\000e\000s\000a\000r\000r\000o\000l\000l\000o}{appendix.Alph2}% 191
\BOOKMARK [2][-]{subsection.Alph2.10.1}{\376\377\000H\000e\000r\000r\000a\000m\000i\000e\000n\000t\000a\000s\000\040\000d\000e\000\040\000i\000m\000p\000l\000e\000m\000e\000n\000t\000a\000c\000i\000\363\000n}{section.Alph2.10}% 192
\BOOKMARK [2][-]{subsection.Alph2.10.2}{\376\377\000H\000e\000r\000r\000a\000m\000i\000e\000n\000t\000a\000s\000\040\000d\000e\000\040\000d\000o\000c\000u\000m\000e\000n\000t\000a\000c\000i\000\363\000n}{section.Alph2.10}% 193
\BOOKMARK [2][-]{subsection.Alph2.10.3}{\376\377\000H\000e\000r\000r\000a\000m\000i\000e\000n\000t\000a\000s\000\040\000d\000e\000\040\000g\000e\000s\000t\000i\000\363\000n\000\040\000d\000e\000l\000\040\000p\000r\000o\000y\000e\000c\000t\000o}{section.Alph2.10}% 194
\BOOKMARK [1][-]{section.Alph2.11}{\376\377\000P\000o\000l\000\355\000t\000i\000c\000a\000\040\000d\000e\000\040\000g\000e\000s\000t\000i\000\363\000n\000\040\000d\000e\000l\000\040\000c\000\363\000d\000i\000g\000o\000\040\000f\000u\000e\000n\000t\000e}{appendix.Alph2}% 195
\BOOKMARK [2][-]{subsection.Alph2.11.1}{\376\377\000E\000s\000t\000r\000a\000t\000e\000g\000i\000a\000\040\000d\000e\000\040\000r\000a\000m\000a\000s}{section.Alph2.11}% 196
\BOOKMARK [2][-]{subsection.Alph2.11.2}{\376\377\000C\000o\000n\000v\000e\000n\000c\000i\000\363\000n\000\040\000d\000e\000\040\000c\000o\000m\000m\000i\000t\000s}{section.Alph2.11}% 197
\BOOKMARK [1][-]{section.Alph2.12}{\376\377\000I\000n\000t\000e\000g\000r\000a\000c\000i\000\363\000n\000\040\000c\000o\000n\000t\000i\000n\000u\000a}{appendix.Alph2}% 198
\BOOKMARK [1][-]{section.Alph2.13}{\376\377\000R\000e\000s\000o\000l\000u\000c\000i\000\363\000n\000\040\000d\000e\000\040\000p\000r\000o\000b\000l\000e\000m\000a\000s\000\040\000c\000o\000m\000u\000n\000e\000s}{appendix.Alph2}% 199
\BOOKMARK [2][-]{subsection.Alph2.13.1}{\376\377\000B\000a\000s\000e\000\040\000d\000e\000\040\000d\000a\000t\000o\000s}{section.Alph2.13}% 200
\BOOKMARK [2][-]{subsection.Alph2.13.2}{\376\377\000B\000a\000c\000k\000e\000n\000d}{section.Alph2.13}% 201
\BOOKMARK [2][-]{subsection.Alph2.13.3}{\376\377\000F\000r\000o\000n\000t\000e\000n\000d}{section.Alph2.13}% 202
\BOOKMARK [1][-]{section.Alph2.14}{\376\377\000R\000e\000f\000e\000r\000e\000n\000c\000i\000a\000s}{appendix.Alph2}% 203
\BOOKMARK [0][-]{appendix.Alph3}{\376\377\000M\000a\000n\000u\000a\000l\000\040\000d\000e\000\040\000d\000e\000s\000p\000l\000i\000e\000g\000u\000e}{}% 204
\BOOKMARK [1][-]{section.Alph3.1}{\376\377\000O\000b\000j\000e\000t\000i\000v\000o}{appendix.Alph3}% 205
\BOOKMARK [1][-]{section.Alph3.2}{\376\377\000A\000r\000q\000u\000i\000t\000e\000c\000t\000u\000r\000a\000\040\000d\000e\000\040\000d\000e\000s\000p\000l\000i\000e\000g\000u\000e}{appendix.Alph3}% 206
\BOOKMARK [2][-]{subsection.Alph3.2.1}{\376\377\000C\000o\000m\000p\000o\000n\000e\000n\000t\000e\000s\000\040\000p\000r\000i\000n\000c\000i\000p\000a\000l\000e\000s}{section.Alph3.2}% 207
\BOOKMARK [1][-]{section.Alph3.3}{\376\377\000V\000e\000r\000s\000i\000o\000n\000e\000s}{appendix.Alph3}% 208
\BOOKMARK [1][-]{section.Alph3.4}{\376\377\000D\000e\000s\000p\000l\000i\000e\000g\000u\000e\000\040\000d\000e\000\040\000l\000a\000\040\000b\000a\000s\000e\000\040\000d\000e\000\040\000d\000a\000t\000o\000s}{appendix.Alph3}% 209
\BOOKMARK [2][-]{subsection.Alph3.4.1}{\376\377\000O\000p\000c\000i\000\363\000n\000\040\000r\000e\000c\000o\000m\000e\000n\000d\000a\000d\000a\000:\000\040\000s\000e\000r\000v\000i\000c\000i\000o\000\040\000g\000e\000s\000t\000i\000o\000n\000a\000d\000o}{section.Alph3.4}% 210
\BOOKMARK [2][-]{subsection.Alph3.4.2}{\376\377\000C\000o\000n\000f\000i\000g\000u\000r\000a\000c\000i\000\363\000n\000\040\000d\000e\000\040\000S\000S\000L}{section.Alph3.4}% 211
\BOOKMARK [2][-]{subsection.Alph3.4.3}{\376\377\000C\000r\000e\000a\000c\000i\000\363\000n\000\040\000d\000e\000l\000\040\000e\000s\000q\000u\000e\000m\000a\000\040\000d\000e\000\040\000b\000a\000s\000e\000\040\000d\000e\000\040\000d\000a\000t\000o\000s\000\040\000e\000n\000\040\000p\000r\000o\000d\000u\000c\000c\000i\000\363\000n}{section.Alph3.4}% 212
\BOOKMARK [2][-]{subsection.Alph3.4.4}{\376\377\000A\000c\000t\000i\000v\000a\000c\000i\000\363\000n\000\040\000d\000e\000\040\000R\000o\000w\000-\000L\000e\000v\000e\000l\000\040\000S\000e\000c\000u\000r\000i\000t\000y\000\040\000\050\000R\000L\000S\000\051}{section.Alph3.4}% 213
\BOOKMARK [2][-]{subsection.Alph3.4.5}{\376\377\000A\000l\000t\000e\000r\000n\000a\000t\000i\000v\000a\000:\000\040\000d\000e\000s\000p\000l\000i\000e\000g\000u\000e\000\040\000c\000o\000n\000\040\000D\000o\000c\000k\000e\000r}{section.Alph3.4}% 214
\BOOKMARK [1][-]{section.Alph3.5}{\376\377\000D\000e\000s\000p\000l\000i\000e\000g\000u\000e\000\040\000d\000e\000l\000\040\000b\000a\000c\000k\000e\000n\000d}{appendix.Alph3}% 215
\BOOKMARK [2][-]{subsection.Alph3.5.1}{\376\377\000C\000o\000n\000s\000t\000r\000u\000c\000c\000i\000\363\000n\000\040\000l\000o\000c\000a\000l\000\040\000p\000r\000e\000v\000i\000a}{section.Alph3.5}% 216
\BOOKMARK [2][-]{subsection.Alph3.5.2}{\376\377\000V\000a\000r\000i\000a\000b\000l\000e\000s\000\040\000d\000e\000\040\000e\000n\000t\000o\000r\000n\000o\000\040\000d\000e\000\040\000p\000r\000o\000d\000u\000c\000c\000i\000\363\000n}{section.Alph3.5}% 217
\BOOKMARK [2][-]{subsection.Alph3.5.3}{\376\377\000D\000e\000s\000p\000l\000i\000e\000g\000u\000e\000\040\000e\000n\000\040\000R\000e\000n\000d\000e\000r}{section.Alph3.5}% 218
\BOOKMARK [1][-]{section.Alph3.6}{\376\377\000D\000i\000s\000t\000r\000i\000b\000u\000c\000i\000\363\000n\000\040\000d\000e\000\040\000l\000a\000\040\000a\000p\000l\000i\000c\000a\000c\000i\000\363\000n\000\040\000m\000\363\000v\000i\000l}{appendix.Alph3}% 219
\BOOKMARK [2][-]{subsection.Alph3.6.1}{\376\377\000V\000a\000r\000i\000a\000b\000l\000e\000s\000\040\000d\000e\000\040\000e\000n\000t\000o\000r\000n\000o\000\040\000d\000e\000l\000\040\000f\000r\000o\000n\000t\000e\000n\000d}{section.Alph3.6}% 220
\BOOKMARK [2][-]{subsection.Alph3.6.2}{\376\377\000O\000p\000c\000i\000\363\000n\000\040\0001\000:\000\040\000A\000P\000K\000\040\000p\000a\000r\000a\000\040\000A\000n\000d\000r\000o\000i\000d}{section.Alph3.6}% 221
\BOOKMARK [2][-]{subsection.Alph3.6.3}{\376\377\000O\000p\000c\000i\000\363\000n\000\040\0002\000:\000\040\000E\000x\000p\000o\000\040\000G\000o\000\040\000c\000o\000n\000\040\000t\000\372\000n\000e\000l}{section.Alph3.6}% 222
\BOOKMARK [1][-]{section.Alph3.7}{\376\377\000V\000a\000l\000i\000d\000a\000c\000i\000\363\000n\000\040\000p\000o\000s\000t\000e\000r\000i\000o\000r\000\040\000a\000l\000\040\000d\000e\000s\000p\000l\000i\000e\000g\000u\000e}{appendix.Alph3}% 223
\BOOKMARK [2][-]{subsection.Alph3.7.1}{\376\377\000V\000e\000r\000i\000f\000i\000c\000a\000c\000i\000\363\000n\000\040\000d\000e\000l\000\040\000b\000a\000c\000k\000e\000n\000d}{section.Alph3.7}% 224
\BOOKMARK [2][-]{subsection.Alph3.7.2}{\376\377\000F\000u\000n\000c\000i\000o\000n\000a\000l\000i\000d\000a\000d\000e\000s\000\040\000a\000\040\000v\000a\000l\000i\000d\000a\000r}{section.Alph3.7}% 225
\BOOKMARK [1][-]{section.Alph3.8}{\376\377\000C\000h\000e\000c\000k\000l\000i\000s\000t\000\040\000d\000e\000\040\000d\000e\000s\000p\000l\000i\000e\000g\000u\000e}{appendix.Alph3}% 226
\BOOKMARK [1][-]{section.Alph3.9}{\376\377\000A\000c\000t\000u\000a\000l\000i\000z\000a\000c\000i\000\363\000n\000\040\000d\000e\000l\000\040\000s\000i\000s\000t\000e\000m\000a}{appendix.Alph3}% 227
\BOOKMARK [1][-]{section.Alph3.10}{\376\377\000R\000o\000l\000l\000b\000a\000c\000k\000\040\000y\000\040\000r\000e\000c\000u\000p\000e\000r\000a\000c\000i\000\363\000n}{appendix.Alph3}% 228
\BOOKMARK [2][-]{subsection.Alph3.10.1}{\376\377\000R\000o\000l\000l\000b\000a\000c\000k\000\040\000d\000e\000l\000\040\000b\000a\000c\000k\000e\000n\000d\000\040\000e\000n\000\040\000R\000e\000n\000d\000e\000r}{section.Alph3.10}% 229
\BOOKMARK [2][-]{subsection.Alph3.10.2}{\376\377\000R\000o\000l\000l\000b\000a\000c\000k\000\040\000d\000e\000\040\000l\000a\000\040\000a\000p\000l\000i\000c\000a\000c\000i\000\363\000n\000\040\000m\000\363\000v\000i\000l}{section.Alph3.10}% 230
\BOOKMARK [2][-]{subsection.Alph3.10.3}{\376\377\000R\000e\000s\000p\000a\000l\000d\000o\000\040\000d\000e\000\040\000l\000a\000\040\000b\000a\000s\000e\000\040\000d\000e\000\040\000d\000a\000t\000o\000s}{section.Alph3.10}% 231
\BOOKMARK [1][-]{section.Alph3.11}{\376\377\000R\000e\000f\000e\000r\000e\000n\000c\000i\000a\000s}{appendix.Alph3}% 232
\BOOKMARK [0][-]{appendix.Alph4}{\376\377\000M\000a\000n\000u\000a\000l\000\040\000d\000e\000\040\000u\000s\000u\000a\000r\000i\000o}{}% 233
\BOOKMARK [1][-]{section.Alph4.1}{\376\377\000I\000n\000t\000r\000o\000d\000u\000c\000c\000i\000\363\000n}{appendix.Alph4}% 234
\BOOKMARK [1][-]{section.Alph4.2}{\376\377\000D\000e\000f\000i\000n\000i\000c\000i\000\363\000n\000\040\000d\000e\000\040\000e\000n\000t\000i\000d\000a\000d\000e\000s\000\040\000y\000\040\000f\000u\000n\000c\000i\000o\000n\000a\000l\000i\000d\000a\000d\000e\000s}{appendix.Alph4}% 235
\BOOKMARK [1][-]{section.Alph4.3}{\376\377\000R\000e\000q\000u\000i\000s\000i\000t\000o\000s\000\040\000t\000\351\000c\000n\000i\000c\000o\000s}{appendix.Alph4}% 236
\BOOKMARK [1][-]{section.Alph4.4}{\376\377\000G\000u\000\355\000a\000\040\000d\000e\000\040\000u\000s\000o\000\040\000d\000e\000\040\000l\000a\000\040\000a\000p\000l\000i\000c\000a\000c\000i\000\363\000n}{appendix.Alph4}% 237
\BOOKMARK [2][-]{subsection.Alph4.4.1}{\376\377\000R\000e\000g\000i\000s\000t\000r\000o\000\040\000e\000\040\000i\000n\000i\000c\000i\000o\000\040\000d\000e\000\040\000s\000e\000s\000i\000\363\000n\000\040\000\050\000p\000a\000r\000a\000\040\000t\000o\000d\000o\000s\000\040\000l\000o\000s\000\040\000r\000o\000l\000e\000s\000\051}{section.Alph4.4}% 238
\BOOKMARK [2][-]{subsection.Alph4.4.2}{\376\377\000G\000e\000s\000t\000i\000\363\000n\000\040\000d\000e\000l\000\040\000p\000e\000r\000f\000i\000l\000\040\000\050\000p\000a\000r\000a\000\040\000t\000o\000d\000o\000s\000\040\000l\000o\000s\000\040\000r\000o\000l\000e\000s\000\051}{section.Alph4.4}% 239
\BOOKMARK [2][-]{subsection.Alph4.4.3}{\376\377\000M\000a\000p\000a\000\040\000d\000e\000\040\000e\000v\000e\000n\000t\000o\000s\000\040\000\050\000p\000a\000r\000a\000\040\000t\000o\000d\000o\000s\000\040\000l\000o\000s\000\040\000r\000o\000l\000e\000s\000\051}{section.Alph4.4}% 240
\BOOKMARK [2][-]{subsection.Alph4.4.4}{\376\377\000P\000\341\000g\000i\000n\000a\000\040\000p\000r\000i\000n\000c\000i\000p\000a\000l\000\040\000y\000\040\000f\000i\000l\000t\000r\000o\000s\000\040\000\050\000p\000a\000r\000a\000\040\000t\000o\000d\000o\000s\000\040\000l\000o\000s\000\040\000r\000o\000l\000e\000s\000\051}{section.Alph4.4}% 241
\BOOKMARK [2][-]{subsection.Alph4.4.5}{\376\377\000D\000e\000t\000a\000l\000l\000e\000\040\000d\000e\000\040\000e\000v\000e\000n\000t\000o}{section.Alph4.4}% 242
\BOOKMARK [2][-]{subsection.Alph4.4.6}{\376\377\000L\000i\000s\000t\000a\000d\000o\000s\000\040\000d\000e\000\040\000e\000v\000e\000n\000t\000o\000s}{section.Alph4.4}% 243
\BOOKMARK [2][-]{subsection.Alph4.4.7}{\376\377\000G\000e\000s\000t\000i\000\363\000n\000\040\000d\000e\000\040\000a\000d\000m\000i\000n\000i\000s\000t\000r\000a\000d\000o\000r\000\040\000\050\000r\000o\000l\000\040\000d\000e\000\040\000a\000d\000m\000i\000n\000i\000s\000t\000r\000a\000d\000o\000r\000\051}{section.Alph4.4}% 244
\BOOKMARK [2][-]{subsection.Alph4.4.8}{\376\377\000R\000e\000c\000o\000m\000e\000n\000d\000a\000c\000i\000o\000n\000e\000s\000\040\000y\000\040\000r\000u\000t\000a\000s\000\040\000r\000e\000c\000o\000m\000e\000n\000d\000a\000d\000a\000s\000\040\000\050\000p\000a\000r\000a\000\040\000t\000o\000d\000o\000s\000\040\000l\000o\000s\000\040\000r\000o\000l\000e\000s\000\051}{section.Alph4.4}% 245
\BOOKMARK [2][-]{subsection.Alph4.4.9}{\376\377\000R\000u\000t\000a\000s\000\040\000c\000r\000e\000a\000d\000a\000s\000\040\000p\000o\000r\000\040\000u\000s\000u\000a\000r\000i\000o\000s\000\040\000\050\000p\000a\000r\000a\000\040\000t\000o\000d\000o\000s\000\040\000l\000o\000s\000\040\000r\000o\000l\000e\000s\000\051}{section.Alph4.4}% 246
\BOOKMARK [2][-]{subsection.Alph4.4.10}{\376\377\000C\000r\000e\000a\000c\000i\000\363\000n\000\040\000d\000e\000\040\000e\000v\000e\000n\000t\000o\000s\000\040\000\050\000r\000o\000l\000\040\000d\000e\000\040\000u\000s\000u\000a\000r\000i\000o\000\051}{section.Alph4.4}% 247
\BOOKMARK [2][-]{subsection.Alph4.4.11}{\376\377\000E\000v\000e\000n\000t\000o\000s\000\040\000p\000r\000i\000v\000a\000d\000o\000s\000\040\000\050\000t\000o\000d\000o\000s\000\040\000l\000o\000s\000\040\000r\000o\000l\000e\000s\000\051}{section.Alph4.4}% 248
\BOOKMARK [2][-]{subsection.Alph4.4.12}{\376\377\000G\000e\000s\000t\000i\000\363\000n\000\040\000d\000e\000\040\000e\000v\000e\000n\000t\000o\000s\000\040\000p\000r\000i\000v\000a\000d\000o\000s\000\040\000\050\000t\000o\000d\000o\000s\000\040\000l\000o\000s\000\040\000r\000o\000l\000e\000s\000\051}{section.Alph4.4}% 249
\BOOKMARK [2][-]{subsection.Alph4.4.13}{\376\377\000M\000i\000s\000\040\000e\000v\000e\000n\000t\000o\000s\000\040\000\050\000r\000o\000l\000\040\000d\000e\000\040\000u\000s\000u\000a\000r\000i\000o\000\051}{section.Alph4.4}% 250
\BOOKMARK [2][-]{subsection.Alph4.4.14}{\376\377\000M\000o\000d\000e\000r\000a\000c\000i\000\363\000n\000\040\000\050\000r\000o\000l\000\040\000d\000e\000\040\000m\000o\000d\000e\000r\000a\000d\000o\000r\000\051}{section.Alph4.4}% 251
\BOOKMARK [2][-]{subsection.Alph4.4.15}{\376\377\000N\000o\000t\000i\000f\000i\000c\000a\000c\000i\000o\000n\000e\000s\000\040\000\050\000t\000o\000d\000o\000s\000\040\000l\000o\000s\000\040\000r\000o\000l\000e\000s\000\051}{section.Alph4.4}% 252
\BOOKMARK [2][-]{subsection.Alph4.4.16}{\376\377\000A\000m\000i\000s\000t\000a\000d\000\040\000y\000\040\000m\000e\000n\000s\000a\000j\000e\000r\000\355\000a\000\040\000p\000r\000i\000v\000a\000d\000a\000\040\000\050\000t\000o\000d\000o\000s\000\040\000l\000o\000s\000\040\000r\000o\000l\000e\000s\000\051}{section.Alph4.4}% 253
\BOOKMARK [2][-]{subsection.Alph4.4.17}{\376\377\000E\000v\000e\000n\000t\000o\000s\000\040\000f\000i\000n\000a\000l\000i\000z\000a\000d\000o\000s}{section.Alph4.4}% 254
\BOOKMARK [2][-]{subsection.Alph4.4.18}{\376\377\000G\000u\000\355\000a\000\040\000d\000e\000\040\000u\000s\000o\000\040\000i\000n\000t\000e\000g\000r\000a\000d\000a}{section.Alph4.4}% 255
\BOOKMARK [1][-]{section.Alph4.5}{\376\377\000G\000r\000a\000f\000o\000\040\000d\000e\000\040\000n\000a\000v\000e\000g\000a\000b\000i\000l\000i\000d\000a\000d}{appendix.Alph4}% 256
\BOOKMARK [1][-]{section.Alph4.6}{\376\377\000E\000r\000r\000o\000r\000e\000s\000\040\000f\000r\000e\000c\000u\000e\000n\000t\000e\000s}{appendix.Alph4}% 257
\BOOKMARK [0][-]{appendix.Alph5}{\376\377\000R\000e\000p\000o\000r\000t\000e\000\040\000d\000e\000\040\000h\000o\000r\000a\000s}{}% 258
\BOOKMARK [0][-]{appendix.Alph6}{\376\377\000I\000n\000f\000o\000r\000m\000e\000s\000\040\000d\000e\000\040\000a\000v\000a\000n\000c\000e\000\040\000y\000\040\000c\000a\000m\000b\000i\000o\000s}{}% 259
\BOOKMARK [1][-]{section.Alph6.1}{\376\377\000I\000n\000f\000o\000r\000m\000e\000\040\000d\000e\000\040\000a\000v\000a\000n\000c\000e\000\040\0001\000:\000\040\000d\000e\000f\000i\000n\000i\000c\000i\000\363\000n\000\040\000d\000e\000l\000\040\000a\000l\000c\000a\000n\000c\000e\000\040\000y\000\040\000a\000n\000\341\000l\000i\000s\000i\000s\000\040\000i\000n\000i\000c\000i\000a\000l}{appendix.Alph6}% 260
\BOOKMARK [2][-]{subsection.Alph6.1.1}{\376\377\000T\000r\000a\000b\000a\000j\000o\000\040\000r\000e\000a\000l\000i\000z\000a\000d\000o}{section.Alph6.1}% 261
\BOOKMARK [2][-]{subsection.Alph6.1.2}{\376\377\000C\000a\000m\000b\000i\000o\000s\000\040\000y\000\040\000d\000e\000c\000i\000s\000i\000o\000n\000e\000s}{section.Alph6.1}% 262
\BOOKMARK [1][-]{section.Alph6.2}{\376\377\000I\000n\000f\000o\000r\000m\000e\000\040\000d\000e\000\040\000a\000v\000a\000n\000c\000e\000\040\0002\000:\000\040\000r\000e\000q\000u\000i\000s\000i\000t\000o\000s\000,\000\040\000p\000l\000a\000n\000i\000f\000i\000c\000a\000c\000i\000\363\000n\000\040\000y\000\040\000d\000i\000s\000e\000\361\000o\000\040\000c\000o\000n\000c\000e\000p\000t\000u\000a\000l}{appendix.Alph6}% 263
\BOOKMARK [2][-]{subsection.Alph6.2.1}{\376\377\000T\000r\000a\000b\000a\000j\000o\000\040\000r\000e\000a\000l\000i\000z\000a\000d\000o}{section.Alph6.2}% 264
\BOOKMARK [2][-]{subsection.Alph6.2.2}{\376\377\000C\000a\000m\000b\000i\000o\000s\000\040\000y\000\040\000d\000e\000c\000i\000s\000i\000o\000n\000e\000s}{section.Alph6.2}% 265
\BOOKMARK [1][-]{section.Alph6.3}{\376\377\000I\000n\000f\000o\000r\000m\000e\000\040\000d\000e\000\040\000a\000v\000a\000n\000c\000e\000\040\0003\000:\000\040\000a\000r\000q\000u\000i\000t\000e\000c\000t\000u\000r\000a\000\040\000e\000\040\000i\000m\000p\000l\000e\000m\000e\000n\000t\000a\000c\000i\000\363\000n\000\040\000b\000a\000s\000e}{appendix.Alph6}% 266
\BOOKMARK [2][-]{subsection.Alph6.3.1}{\376\377\000T\000r\000a\000b\000a\000j\000o\000\040\000r\000e\000a\000l\000i\000z\000a\000d\000o}{section.Alph6.3}% 267
\BOOKMARK [2][-]{subsection.Alph6.3.2}{\376\377\000C\000a\000m\000b\000i\000o\000s\000\040\000y\000\040\000d\000e\000c\000i\000s\000i\000o\000n\000e\000s}{section.Alph6.3}% 268
\BOOKMARK [1][-]{section.Alph6.4}{\376\377\000I\000n\000f\000o\000r\000m\000e\000\040\000d\000e\000\040\000a\000v\000a\000n\000c\000e\000\040\0004\000:\000\040\000f\000u\000n\000c\000i\000o\000n\000a\000l\000i\000d\000a\000d\000e\000s\000\040\000s\000o\000c\000i\000a\000l\000e\000s\000,\000\040\000m\000a\000p\000a\000s\000\040\000y\000\040\000r\000e\000c\000o\000m\000e\000n\000d\000a\000c\000i\000o\000n\000e\000s}{appendix.Alph6}% 269
\BOOKMARK [2][-]{subsection.Alph6.4.1}{\376\377\000T\000r\000a\000b\000a\000j\000o\000\040\000r\000e\000a\000l\000i\000z\000a\000d\000o}{section.Alph6.4}% 270
\BOOKMARK [2][-]{subsection.Alph6.4.2}{\376\377\000C\000a\000m\000b\000i\000o\000s\000\040\000y\000\040\000d\000e\000c\000i\000s\000i\000o\000n\000e\000s}{section.Alph6.4}% 271
\BOOKMARK [1][-]{section.Alph6.5}{\376\377\000I\000n\000f\000o\000r\000m\000e\000\040\000d\000e\000\040\000a\000v\000a\000n\000c\000e\000\040\0005\000:\000\040\000s\000c\000r\000a\000p\000i\000n\000g\000,\000\040\000m\000o\000d\000e\000r\000a\000c\000i\000\363\000n\000\040\000y\000\040\000d\000e\000s\000p\000l\000i\000e\000g\000u\000e}{appendix.Alph6}% 272
\BOOKMARK [2][-]{subsection.Alph6.5.1}{\376\377\000T\000r\000a\000b\000a\000j\000o\000\040\000r\000e\000a\000l\000i\000z\000a\000d\000o}{section.Alph6.5}% 273
\BOOKMARK [2][-]{subsection.Alph6.5.2}{\376\377\000C\000a\000m\000b\000i\000o\000s\000\040\000y\000\040\000d\000e\000c\000i\000s\000i\000o\000n\000e\000s}{section.Alph6.5}% 274
\BOOKMARK [1][-]{section.Alph6.6}{\376\377\000I\000n\000f\000o\000r\000m\000e\000\040\000d\000e\000\040\000a\000v\000a\000n\000c\000e\000\040\0006\000:\000\040\000p\000r\000u\000e\000b\000a\000s\000,\000\040\000v\000a\000l\000i\000d\000a\000c\000i\000\363\000n\000\040\000y\000\040\000c\000i\000e\000r\000r\000e}{appendix.Alph6}% 275
\BOOKMARK [2][-]{subsection.Alph6.6.1}{\376\377\000T\000r\000a\000b\000a\000j\000o\000\040\000r\000e\000a\000l\000i\000z\000a\000d\000o}{section.Alph6.6}% 276
\BOOKMARK [2][-]{subsection.Alph6.6.2}{\376\377\000C\000a\000m\000b\000i\000o\000s\000\040\000y\000\040\000d\000e\000c\000i\000s\000i\000o\000n\000e\000s}{section.Alph6.6}% 277
\BOOKMARK [1][-]{section.Alph6.7}{\376\377\000R\000e\000s\000u\000m\000e\000n\000\040\000d\000e\000\040\000c\000a\000m\000b\000i\000o\000s\000\040\000r\000e\000l\000e\000v\000a\000n\000t\000e\000s}{appendix.Alph6}% 278
\BOOKMARK [0][-]{appendix.Alph7}{\376\377\000D\000e\000c\000l\000a\000r\000a\000c\000i\000\363\000n\000\040\000d\000e\000\040\000a\000u\000t\000o\000r\000\355\000a}{}% 279
\BOOKMARK [0][-]{appendix.Alph8}{\376\377\000U\000s\000u\000a\000r\000i\000o\000s\000\040\000p\000i\000l\000o\000t\000o}{}% 280
\BOOKMARK [1][-]{section.Alph8.1}{\376\377\000I\000n\000t\000r\000o\000d\000u\000c\000c\000i\000\363\000n}{appendix.Alph8}% 281
\BOOKMARK [1][-]{section.Alph8.2}{\376\377\000P\000e\000r\000f\000i\000l\000\040\000d\000e\000\040\000l\000o\000s\000\040\000u\000s\000u\000a\000r\000i\000o\000s}{appendix.Alph8}% 282
\BOOKMARK [1][-]{section.Alph8.3}{\376\377\000M\000e\000t\000o\000d\000o\000l\000o\000g\000\355\000a\000\040\000d\000e\000\040\000r\000e\000c\000o\000g\000i\000d\000a\000\040\000d\000e\000\040\000f\000e\000e\000d\000b\000a\000c\000k}{appendix.Alph8}% 283
\BOOKMARK [1][-]{section.Alph8.4}{\376\377\000R\000e\000s\000u\000l\000t\000a\000d\000o\000s\000\040\000e\000\040\000i\000n\000c\000i\000d\000e\000n\000c\000i\000a\000s\000\040\000d\000e\000t\000e\000c\000t\000a\000d\000a\000s}{appendix.Alph8}% 284
\BOOKMARK [2][-]{subsection.Alph8.4.1}{\376\377\000P\000r\000o\000b\000l\000e\000m\000a\000s\000\040\000d\000e\000\040\000c\000o\000m\000p\000a\000t\000i\000b\000i\000l\000i\000d\000a\000d\000\040\000c\000o\000n\000\040\000A\000n\000d\000r\000o\000i\000d}{section.Alph8.4}% 285
\BOOKMARK [2][-]{subsection.Alph8.4.2}{\376\377\000S\000u\000g\000e\000r\000e\000n\000c\000i\000a\000s\000\040\000d\000e\000\040\000m\000e\000j\000o\000r\000a\000\040\000v\000i\000s\000u\000a\000l\000\040\000y\000\040\000d\000e\000\040\000i\000n\000t\000e\000r\000a\000c\000c\000i\000\363\000n}{section.Alph8.4}% 286
\BOOKMARK [2][-]{subsection.Alph8.4.3}{\376\377\000I\000d\000e\000a\000s\000\040\000d\000e\000\040\000n\000u\000e\000v\000a\000s\000\040\000f\000u\000n\000c\000i\000o\000n\000a\000l\000i\000d\000a\000d\000e\000s}{section.Alph8.4}% 287
\BOOKMARK [1][-]{section.Alph8.5}{\376\377\000V\000a\000l\000o\000r\000a\000c\000i\000\363\000n\000\040\000g\000e\000n\000e\000r\000a\000l\000\040\000d\000e\000\040\000l\000o\000s\000\040\000u\000s\000u\000a\000r\000i\000o\000s}{appendix.Alph8}% 288
\BOOKMARK [1][-]{section.Alph8.6}{\376\377\000C\000o\000n\000c\000l\000u\000s\000i\000o\000n\000e\000s\000\040\000d\000e\000l\000\040\000p\000r\000o\000c\000e\000s\000o\000\040\000p\000i\000l\000o\000t\000o}{appendix.Alph8}% 289
\BOOKMARK [0][-]{appendix.Alph9}{\376\377\000A\000c\000t\000a\000s\000\040\000d\000e\000\040\000r\000e\000u\000n\000i\000\363\000n}{}% 290
\BOOKMARK [1][-]{section*.191}{\376\377\000A\000c\000t\000a\000\040\000d\000e\000\040\000R\000e\000u\000n\000i\000\363\000n\000\040\0001}{appendix.Alph9}% 291
\BOOKMARK [1][-]{Item.26}{\376\377\000A\000c\000t\000a\000\040\000d\000e\000\040\000R\000e\000u\000n\000i\000\363\000n\000\040\0002}{appendix.Alph9}% 292
\BOOKMARK [1][-]{Item.29}{\376\377\000A\000c\000t\000a\000\040\000d\000e\000\040\000R\000e\000u\000n\000i\000\363\000n\000\040\0003}{appendix.Alph9}% 293
\BOOKMARK [1][-]{Item.38}{\376\377\000A\000c\000t\000a\000\040\000d\000e\000\040\000R\000e\000u\000n\000i\000\363\000n\000\040\0004}{appendix.Alph9}% 294
\BOOKMARK [1][-]{Item.38}{\376\377\000A\000c\000t\000a\000\040\000d\000e\000\040\000R\000e\000u\000n\000i\000\363\000n\000\040\0005}{appendix.Alph9}% 295
\BOOKMARK [1][-]{Item.38}{\376\377\000A\000c\000t\000a\000\040\000d\000e\000\040\000R\000e\000u\000n\000i\000\363\000n\000\040\0006}{appendix.Alph9}% 296
\BOOKMARK [1][-]{Item.38}{\376\377\000A\000c\000t\000a\000\040\000d\000e\000\040\000R\000e\000u\000n\000i\000\363\000n\000\040\0007}{appendix.Alph9}% 297
\BOOKMARK [1][-]{Item.38}{\376\377\000A\000c\000t\000a\000\040\000d\000e\000\040\000R\000e\000u\000n\000i\000\363\000n\000\040\0008}{appendix.Alph9}% 298
