\BOOKMARK [0][-]{chapter.1}{\376\377\000I\000n\000t\000r\000o\000d\000u\000c\000c\000i\000\363\000n}{}% 1
\BOOKMARK [1][-]{section.1.1}{\376\377\000M\000o\000t\000i\000v\000a\000c\000i\000\363\000n}{chapter.1}% 2
\BOOKMARK [1][-]{section.1.2}{\376\377\000S\000o\000l\000u\000c\000i\000o\000n\000e\000s\000\040\000e\000x\000i\000s\000t\000e\000n\000t\000e\000s}{chapter.1}% 3
\BOOKMARK [1][-]{section.1.3}{\376\377\000E\000s\000t\000r\000u\000c\000t\000u\000r\000a\000\040\000d\000e\000l\000\040\000d\000o\000c\000u\000m\000e\000n\000t\000o}{chapter.1}% 4
\BOOKMARK [0][-]{chapter.2}{\376\377\000E\000s\000t\000u\000d\000i\000o\000\040\000p\000r\000e\000v\000i\000o}{}% 5
\BOOKMARK [1][-]{section.2.1}{\376\377\000I\000n\000t\000r\000o\000d\000u\000c\000c\000i\000\363\000n}{chapter.2}% 6
\BOOKMARK [1][-]{section.2.2}{\376\377\000O\000b\000j\000e\000t\000i\000v\000o\000s}{chapter.2}% 7
\BOOKMARK [2][-]{subsection.2.2.1}{\376\377\000O\000b\000j\000e\000t\000i\000v\000o\000s\000\040\000d\000e\000l\000\040\000p\000r\000o\000y\000e\000c\000t\000o}{section.2.2}% 8
\BOOKMARK [2][-]{subsection.2.2.2}{\376\377\000O\000b\000j\000e\000t\000i\000v\000o\000s\000\040\000d\000e\000l\000\040\000s\000i\000s\000t\000e\000m\000a}{section.2.2}% 9
\BOOKMARK [1][-]{section.2.3}{\376\377\000M\000e\000t\000o\000d\000o\000l\000o\000g\000\355\000a}{chapter.2}% 10
\BOOKMARK [2][-]{subsection.2.3.1}{\376\377\000M\000e\000t\000o\000d\000o\000l\000o\000g\000\355\000a\000\040\000d\000e\000\040\000g\000e\000s\000t\000i\000\363\000n\000\040\000d\000e\000l\000\040\000p\000r\000o\000y\000e\000c\000t\000o}{section.2.3}% 11
\BOOKMARK [2][-]{subsection.2.3.2}{\376\377\000M\000e\000t\000o\000d\000o\000l\000o\000g\000\355\000a\000\040\000d\000e\000\040\000g\000e\000s\000t\000i\000\363\000n\000\040\000d\000e\000l\000\040\000d\000e\000s\000a\000r\000r\000o\000l\000l\000o}{section.2.3}% 12
\BOOKMARK [2][-]{subsection.2.3.3}{\376\377\000M\000e\000t\000o\000d\000o\000l\000o\000g\000\355\000a\000\040\000d\000e\000\040\000g\000e\000s\000t\000i\000\363\000n\000\040\000d\000e\000l\000\040\000c\000\363\000d\000i\000g\000o\000\040\000f\000u\000e\000n\000t\000e}{section.2.3}% 13
\BOOKMARK [2][-]{subsection.2.3.4}{\376\377\000M\000e\000t\000o\000d\000o\000l\000o\000g\000\355\000a\000\040\000d\000e\000\040\000s\000e\000g\000u\000i\000m\000i\000e\000n\000t\000o\000\040\000d\000e\000l\000\040\000t\000i\000e\000m\000p\000o}{section.2.3}% 14
\BOOKMARK [1][-]{section.2.4}{\376\377\000P\000l\000a\000n\000i\000f\000i\000c\000a\000c\000i\000\363\000n}{chapter.2}% 15
\BOOKMARK [2][-]{subsection.2.4.1}{\376\377\000D\000e\000s\000v\000i\000a\000c\000i\000o\000n\000e\000s\000\040\000r\000e\000s\000p\000e\000c\000t\000o\000\040\000a\000\040\000l\000a\000\040\000p\000l\000a\000n\000i\000f\000i\000c\000a\000c\000i\000\363\000n\000\040\000i\000n\000i\000c\000i\000a\000l}{section.2.4}% 16
\BOOKMARK [2][-]{subsection.2.4.2}{\376\377\000E\000s\000t\000r\000u\000c\000t\000u\000r\000a\000\040\000d\000e\000\040\000D\000e\000s\000g\000l\000o\000s\000e\000\040\000d\000e\000l\000\040\000T\000r\000a\000b\000a\000j\000o\000\040\000i\000n\000i\000c\000i\000a\000l}{section.2.4}% 17
\BOOKMARK [2][-]{subsection.2.4.3}{\376\377\000P\000l\000a\000n\000i\000f\000i\000c\000a\000c\000i\000\363\000n\000\040\000p\000o\000r\000\040\000s\000p\000r\000i\000n\000t\000s}{section.2.4}% 18
\BOOKMARK [2][-]{subsection.2.4.4}{\376\377\000D\000i\000a\000g\000r\000a\000m\000a\000\040\000d\000e\000\040\000p\000l\000a\000n\000i\000f\000i\000c\000a\000c\000i\000\363\000n}{section.2.4}% 19
\BOOKMARK [1][-]{section.2.5}{\376\377\000P\000r\000e\000s\000u\000p\000u\000e\000s\000t\000o}{chapter.2}% 20
\BOOKMARK [2][-]{subsection.2.5.1}{\376\377\000R\000e\000c\000u\000r\000s\000o\000s\000\040\000h\000u\000m\000a\000n\000o\000s}{section.2.5}% 21
\BOOKMARK [2][-]{subsection.2.5.2}{\376\377\000D\000i\000s\000t\000r\000i\000b\000u\000c\000i\000\363\000n\000\040\000d\000e\000l\000\040\000e\000s\000f\000u\000e\000r\000z\000o}{section.2.5}% 22
\BOOKMARK [2][-]{subsection.2.5.3}{\376\377\000I\000n\000f\000r\000a\000e\000s\000t\000r\000u\000c\000t\000u\000r\000a\000\040\000y\000\040\000c\000o\000s\000t\000e\000s\000\040\000i\000n\000d\000i\000r\000e\000c\000t\000o\000s}{section.2.5}% 23
\BOOKMARK [2][-]{subsection.2.5.4}{\376\377\000C\000o\000s\000t\000e\000\040\000t\000o\000t\000a\000l\000\040\000d\000e\000l\000\040\000p\000r\000o\000y\000e\000c\000t\000o}{section.2.5}% 24
\BOOKMARK [2][-]{subsection.2.5.5}{\376\377\000P\000r\000e\000s\000u\000p\000u\000e\000s\000t\000o}{section.2.5}% 25
\BOOKMARK [0][-]{chapter.3}{\376\377\000A\000n\000\341\000l\000i\000s\000i\000s\000\040\000d\000e\000l\000\040\000p\000r\000o\000b\000l\000e\000m\000a}{}% 26
\BOOKMARK [1][-]{section.3.1}{\376\377\000I\000n\000t\000r\000o\000d\000u\000c\000c\000i\000\363\000n}{chapter.3}% 27
\BOOKMARK [1][-]{section.3.2}{\376\377\000A\000c\000t\000o\000r\000e\000s\000\040\000d\000e\000l\000\040\000s\000i\000s\000t\000e\000m\000a}{chapter.3}% 28
\BOOKMARK [2][-]{subsection.3.2.1}{\376\377\000V\000i\000s\000i\000t\000a\000n\000t\000e}{section.3.2}% 29
\BOOKMARK [2][-]{subsection.3.2.2}{\376\377\000C\000i\000u\000d\000a\000d\000a\000n\000o}{section.3.2}% 30
\BOOKMARK [2][-]{subsection.3.2.3}{\376\377\000O\000r\000g\000a\000n\000i\000z\000a\000d\000o\000r}{section.3.2}% 31
\BOOKMARK [2][-]{subsection.3.2.4}{\376\377\000M\000o\000d\000e\000r\000a\000d\000o\000r\000\040\000d\000e\000\040\000c\000o\000n\000t\000e\000n\000i\000d\000o}{section.3.2}% 32
\BOOKMARK [2][-]{subsection.3.2.5}{\376\377\000A\000d\000m\000i\000n\000i\000s\000t\000r\000a\000d\000o\000r\000\040\000d\000e\000\040\000l\000a\000\040\000p\000l\000a\000t\000a\000f\000o\000r\000m\000a}{section.3.2}% 33
\BOOKMARK [1][-]{section.3.3}{\376\377\000D\000i\000a\000g\000r\000a\000m\000a\000\040\000d\000e\000\040\000c\000a\000s\000o\000s\000\040\000d\000e\000\040\000u\000s\000o}{chapter.3}% 34
\BOOKMARK [1][-]{section.3.4}{\376\377\000R\000e\000q\000u\000i\000s\000i\000t\000o\000s\000\040\000d\000e\000\040\000i\000n\000f\000o\000r\000m\000a\000c\000i\000\363\000n}{chapter.3}% 35
\BOOKMARK [1][-]{section.3.5}{\376\377\000R\000e\000q\000u\000i\000s\000i\000t\000o\000s\000\040\000f\000u\000n\000c\000i\000o\000n\000a\000l\000e\000s}{chapter.3}% 36
\BOOKMARK [2][-]{subsection.3.5.1}{\376\377\000M\000a\000t\000r\000i\000z\000\040\000d\000e\000\040\000t\000r\000a\000z\000a\000b\000i\000l\000i\000d\000a\000d\000\040\000d\000e\000\040\000r\000e\000q\000u\000i\000s\000i\000t\000o\000s\000\040\000a\000\040\000o\000b\000j\000e\000t\000i\000v\000o\000s}{section.3.5}% 37
\BOOKMARK [1][-]{section.3.6}{\376\377\000D\000i\000s\000e\000\361\000o\000\040\000d\000e\000\040\000m\000o\000c\000k\000u\000p\000s}{chapter.3}% 38
\BOOKMARK [2][-]{subsection.3.6.1}{\376\377\000V\000i\000s\000t\000a\000\040\000g\000e\000n\000e\000r\000a\000l\000\040\000d\000e\000\040\000m\000o\000c\000k\000u\000p\000s}{section.3.6}% 39
\BOOKMARK [1][-]{section.3.7}{\376\377\000R\000e\000q\000u\000i\000s\000i\000t\000o\000s\000\040\000n\000o\000\040\000f\000u\000n\000c\000i\000o\000n\000a\000l\000e\000s}{chapter.3}% 40
\BOOKMARK [1][-]{section.3.8}{\376\377\000R\000e\000g\000l\000a\000s\000\040\000d\000e\000\040\000n\000e\000g\000o\000c\000i\000o}{chapter.3}% 41
\BOOKMARK [2][-]{subsection.3.8.1}{\376\377\000G\000e\000s\000t\000i\000\363\000n\000\040\000d\000e\000\040\000u\000s\000u\000a\000r\000i\000o\000s\000\040\000y\000\040\000r\000o\000l\000e\000s}{section.3.8}% 42
\BOOKMARK [2][-]{subsection.3.8.2}{\376\377\000G\000e\000s\000t\000i\000\363\000n\000\040\000d\000e\000\040\000e\000v\000e\000n\000t\000o\000s}{section.3.8}% 43
\BOOKMARK [2][-]{subsection.3.8.3}{\376\377\000E\000v\000e\000n\000t\000o\000s\000\040\000p\000r\000i\000v\000a\000d\000o\000s}{section.3.8}% 44
\BOOKMARK [2][-]{subsection.3.8.4}{\376\377\000P\000a\000r\000t\000i\000c\000i\000p\000a\000c\000i\000\363\000n\000\040\000e\000n\000\040\000e\000v\000e\000n\000t\000o\000s}{section.3.8}% 45
\BOOKMARK [2][-]{subsection.3.8.5}{\376\377\000C\000o\000m\000u\000n\000i\000c\000a\000c\000i\000\363\000n\000\040\000y\000\040\000c\000o\000n\000t\000e\000n\000i\000d\000o}{section.3.8}% 46
\BOOKMARK [2][-]{subsection.3.8.6}{\376\377\000V\000a\000l\000o\000r\000a\000c\000i\000o\000n\000e\000s\000\040\000y\000\040\000r\000e\000s\000e\000\361\000a\000s}{section.3.8}% 47
\BOOKMARK [2][-]{subsection.3.8.7}{\376\377\000R\000e\000c\000o\000m\000e\000n\000d\000a\000c\000i\000o\000n\000e\000s\000\040\000y\000\040\000g\000e\000o\000l\000o\000c\000a\000l\000i\000z\000a\000c\000i\000\363\000n}{section.3.8}% 48
\BOOKMARK [2][-]{subsection.3.8.8}{\376\377\000S\000c\000r\000a\000p\000i\000n\000g}{section.3.8}% 49
\BOOKMARK [2][-]{subsection.3.8.9}{\376\377\000R\000e\000s\000t\000r\000i\000c\000c\000i\000o\000n\000e\000s\000\040\000d\000e\000\040\000i\000n\000t\000e\000g\000r\000i\000d\000a\000d\000\040\000d\000e\000\040\000d\000a\000t\000o\000s}{section.3.8}% 50
\BOOKMARK [2][-]{subsection.3.8.10}{\376\377\000N\000o\000t\000i\000f\000i\000c\000a\000c\000i\000o\000n\000e\000s}{section.3.8}% 51
\BOOKMARK [1][-]{section.3.9}{\376\377\000C\000o\000n\000c\000l\000u\000s\000i\000o\000n\000e\000s}{chapter.3}% 52
\BOOKMARK [0][-]{chapter.4}{\376\377\000D\000i\000s\000e\000\361\000o\000\040\000d\000e\000\040\000l\000a\000\040\000s\000o\000l\000u\000c\000i\000\363\000n}{}% 53
\BOOKMARK [1][-]{section.4.1}{\376\377\000I\000n\000t\000r\000o\000d\000u\000c\000c\000i\000\363\000n}{chapter.4}% 54
\BOOKMARK [1][-]{section.4.2}{\376\377\000A\000r\000q\000u\000i\000t\000e\000c\000t\000u\000r\000a\000\040\000d\000e\000l\000\040\000s\000i\000s\000t\000e\000m\000a}{chapter.4}% 55
\BOOKMARK [2][-]{subsection.4.2.1}{\376\377\000A\000p\000l\000i\000c\000a\000c\000i\000\363\000n\000\040\000m\000\363\000v\000i\000l\000\040\000\050\000f\000r\000o\000n\000t\000e\000n\000d\000\051}{section.4.2}% 56
\BOOKMARK [2][-]{subsection.4.2.2}{\376\377\000S\000e\000r\000v\000i\000d\000o\000r\000\040\000b\000a\000c\000k\000e\000n\000d}{section.4.2}% 57
\BOOKMARK [2][-]{subsection.4.2.3}{\376\377\000B\000a\000s\000e\000\040\000d\000e\000\040\000d\000a\000t\000o\000s}{section.4.2}% 58
\BOOKMARK [2][-]{subsection.4.2.4}{\376\377\000S\000e\000r\000v\000i\000c\000i\000o\000s\000\040\000e\000x\000t\000e\000r\000n\000o\000s}{section.4.2}% 59
\BOOKMARK [1][-]{section.4.3}{\376\377\000M\000o\000d\000e\000l\000o\000\040\000d\000e\000\040\000d\000a\000t\000o\000s}{chapter.4}% 60
\BOOKMARK [2][-]{subsection.4.3.1}{\376\377\000U\000s\000u\000a\000r\000i\000o\000\040\000\050\000U\000s\000e\000r\000\051}{section.4.3}% 61
\BOOKMARK [2][-]{subsection.4.3.2}{\376\377\000E\000v\000e\000n\000t\000o\000\040\000\050\000E\000v\000e\000n\000t\000\051}{section.4.3}% 62
\BOOKMARK [2][-]{subsection.4.3.3}{\376\377\000C\000a\000t\000e\000g\000o\000r\000\355\000a\000\040\000\050\000C\000a\000t\000e\000g\000o\000r\000i\000a\000\051}{section.4.3}% 63
\BOOKMARK [2][-]{subsection.4.3.4}{\376\377\000R\000e\000s\000e\000\361\000a\000\040\000\050\000R\000e\000s\000e\000n\000a\000\051}{section.4.3}% 64
\BOOKMARK [2][-]{subsection.4.3.5}{\376\377\000M\000e\000n\000s\000a\000j\000e\000\040\000d\000e\000\040\000e\000v\000e\000n\000t\000o\000\040\000\050\000M\000e\000n\000s\000a\000j\000e\000\051}{section.4.3}% 65
\BOOKMARK [2][-]{subsection.4.3.6}{\376\377\000M\000e\000n\000s\000a\000j\000e\000\040\000p\000r\000i\000v\000a\000d\000o\000\040\000\050\000M\000e\000n\000s\000a\000j\000e\000P\000r\000i\000v\000a\000d\000o\000\051}{section.4.3}% 66
\BOOKMARK [2][-]{subsection.4.3.7}{\376\377\000N\000o\000t\000i\000f\000i\000c\000a\000c\000i\000\363\000n\000\040\000\050\000N\000o\000t\000i\000f\000i\000c\000a\000c\000i\000o\000n\000\051}{section.4.3}% 67
\BOOKMARK [2][-]{subsection.4.3.8}{\376\377\000R\000u\000t\000a\000\040\000\050\000R\000u\000t\000a\000\051}{section.4.3}% 68
\BOOKMARK [2][-]{subsection.4.3.9}{\376\377\000C\000a\000l\000i\000f\000i\000c\000a\000c\000i\000\363\000n\000\040\000d\000e\000\040\000r\000u\000t\000a\000\040\000\050\000C\000a\000l\000i\000f\000i\000c\000a\000c\000i\000o\000n\000R\000u\000t\000a\000\051}{section.4.3}% 69
\BOOKMARK [2][-]{subsection.4.3.10}{\376\377\000R\000e\000c\000o\000m\000e\000n\000d\000a\000c\000i\000\363\000n\000\040\000\050\000R\000e\000c\000o\000m\000e\000n\000d\000a\000c\000i\000o\000n\000\051}{section.4.3}% 70
\BOOKMARK [2][-]{subsection.4.3.11}{\376\377\000S\000o\000l\000i\000c\000i\000t\000u\000d\000\040\000d\000e\000\040\000e\000d\000i\000c\000i\000\363\000n\000\040\000\050\000E\000v\000e\000n\000t\000E\000d\000i\000t\000R\000e\000q\000u\000e\000s\000t\000\051}{section.4.3}% 71
\BOOKMARK [2][-]{subsection.4.3.12}{\376\377\000D\000i\000a\000g\000r\000a\000m\000a\000\040\000e\000n\000t\000i\000d\000a\000d\000-\000r\000e\000l\000a\000c\000i\000\363\000n}{section.4.3}% 72
\BOOKMARK [1][-]{section.4.4}{\376\377\000D\000i\000s\000e\000\361\000o\000\040\000d\000e\000\040\000l\000a\000\040\000A\000P\000I\000\040\000R\000E\000S\000T}{chapter.4}% 73
\BOOKMARK [1][-]{section.4.5}{\376\377\000F\000l\000u\000j\000o\000\040\000d\000e\000\040\000i\000n\000t\000e\000r\000a\000c\000c\000i\000\363\000n\000\040\000d\000e\000l\000\040\000u\000s\000u\000a\000r\000i\000o}{chapter.4}% 74
\BOOKMARK [1][-]{section.4.6}{\376\377\000D\000i\000s\000e\000\361\000o\000\040\000d\000e\000l\000\040\000s\000i\000s\000t\000e\000m\000a\000\040\000d\000e\000\040\000m\000o\000d\000e\000r\000a\000c\000i\000\363\000n}{chapter.4}% 75
\BOOKMARK [1][-]{section.4.7}{\376\377\000F\000l\000u\000j\000o\000\040\000d\000e\000\040\000i\000n\000t\000e\000r\000a\000c\000c\000i\000\363\000n\000\040\000d\000e\000l\000\040\000a\000d\000m\000i\000n\000i\000s\000t\000r\000a\000d\000o\000r}{chapter.4}% 76
\BOOKMARK [1][-]{section.4.8}{\376\377\000D\000i\000s\000e\000\361\000o\000\040\000d\000e\000\040\000l\000a\000\040\000i\000n\000t\000e\000r\000f\000a\000z\000\040\000d\000e\000\040\000u\000s\000u\000a\000r\000i\000o}{chapter.4}% 77
\BOOKMARK [2][-]{subsection.4.8.1}{\376\377\000P\000r\000i\000n\000c\000i\000p\000i\000o\000s\000\040\000d\000e\000\040\000d\000i\000s\000e\000\361\000o}{section.4.8}% 78
\BOOKMARK [2][-]{subsection.4.8.2}{\376\377\000G\000r\000a\000f\000o\000\040\000d\000e\000\040\000n\000a\000v\000e\000g\000a\000c\000i\000\363\000n}{section.4.8}% 79
\BOOKMARK [2][-]{subsection.4.8.3}{\376\377\000P\000a\000n\000t\000a\000l\000l\000a\000s\000\040\000d\000e\000l\000\040\000s\000i\000s\000t\000e\000m\000a}{section.4.8}% 80
\BOOKMARK [1][-]{section.4.9}{\376\377\000D\000i\000s\000e\000\361\000o\000\040\000d\000e\000l\000\040\000s\000i\000s\000t\000e\000m\000a\000\040\000d\000e\000\040\000c\000o\000m\000u\000n\000i\000c\000a\000c\000i\000\363\000n\000\040\000e\000n\000\040\000t\000i\000e\000m\000p\000o\000\040\000r\000e\000a\000l}{chapter.4}% 81
\BOOKMARK [2][-]{subsection.4.9.1}{\376\377\000C\000i\000c\000l\000o\000\040\000d\000e\000\040\000v\000i\000d\000a\000\040\000d\000e\000\040\000l\000a\000\040\000c\000o\000n\000e\000x\000i\000\363\000n\000\040\000y\000\040\000l\000o\000s\000\040\000l\000i\000s\000t\000e\000n\000e\000r\000s}{section.4.9}% 82
\BOOKMARK [1][-]{section.4.10}{\376\377\000D\000i\000s\000e\000\361\000o\000\040\000d\000e\000l\000\040\000s\000i\000s\000t\000e\000m\000a\000\040\000d\000e\000\040\000r\000e\000c\000o\000m\000e\000n\000d\000a\000c\000i\000o\000n\000e\000s}{chapter.4}% 83
\BOOKMARK [1][-]{section.4.11}{\376\377\000P\000a\000t\000r\000o\000n\000e\000s\000\040\000d\000e\000\040\000d\000i\000s\000e\000\361\000o\000\040\000a\000p\000l\000i\000c\000a\000d\000o\000s}{chapter.4}% 84
\BOOKMARK [2][-]{subsection.4.11.1}{\376\377\000P\000a\000t\000r\000\363\000n\000\040\000M\000\363\000d\000u\000l\000o\000\040\000\050\000N\000e\000s\000t\000J\000S\000\051}{section.4.11}% 85
\BOOKMARK [2][-]{subsection.4.11.2}{\376\377\000P\000a\000t\000r\000\363\000n\000\040\000E\000s\000t\000r\000a\000t\000e\000g\000i\000a\000\040\000\050\000I\000S\000c\000r\000a\000p\000e\000r\000\051}{section.4.11}% 86
\BOOKMARK [2][-]{subsection.4.11.3}{\376\377\000P\000a\000t\000r\000\363\000n\000\040\000R\000e\000p\000o\000s\000i\000t\000o\000r\000i\000o\000\040\000\050\000T\000y\000p\000e\000O\000R\000M\000\051}{section.4.11}% 87
\BOOKMARK [2][-]{subsection.4.11.4}{\376\377\000P\000a\000t\000r\000\363\000n\000\040\000G\000u\000a\000r\000d\000\040\000\050\000a\000u\000t\000e\000n\000t\000i\000c\000a\000c\000i\000\363\000n\000\040\000y\000\040\000a\000u\000t\000o\000r\000i\000z\000a\000c\000i\000\363\000n\000\051}{section.4.11}% 88
\BOOKMARK [2][-]{subsection.4.11.5}{\376\377\000P\000a\000t\000r\000\363\000n\000\040\000I\000n\000t\000e\000r\000c\000e\000p\000t\000o\000r\000\040\000\050\000A\000x\000i\000o\000s\000\051}{section.4.11}% 89
\BOOKMARK [2][-]{subsection.4.11.6}{\376\377\000P\000a\000t\000r\000\363\000n\000\040\000C\000o\000n\000t\000e\000x\000t\000o\000\040\000/\000\040\000P\000r\000o\000v\000e\000e\000d\000o\000r\000\040\000\050\000R\000e\000a\000c\000t\000\051}{section.4.11}% 90
\BOOKMARK [2][-]{subsection.4.11.7}{\376\377\000P\000a\000t\000r\000\363\000n\000\040\000O\000b\000s\000e\000r\000v\000a\000d\000o\000r\000\040\000\050\000S\000o\000c\000k\000e\000t\000.\000I\000O\000\051}{section.4.11}% 91
\BOOKMARK [2][-]{subsection.4.11.8}{\376\377\000P\000a\000t\000r\000\363\000n\000\040\000P\000u\000n\000t\000u\000a\000c\000i\000\363\000n\000\040\000m\000u\000l\000t\000i\000f\000a\000c\000t\000o\000r\000i\000a\000l\000\040\000\050\000m\000o\000t\000o\000r\000\040\000d\000e\000\040\000r\000e\000c\000o\000m\000e\000n\000d\000a\000c\000i\000o\000n\000e\000s\000\051}{section.4.11}% 92
\BOOKMARK [2][-]{subsection.4.11.9}{\376\377\000P\000a\000t\000r\000\363\000n\000\040\000E\000s\000t\000a\000d\000o\000\040\000\050\000f\000l\000u\000j\000o\000\040\000d\000e\000\040\000m\000o\000d\000e\000r\000a\000c\000i\000\363\000n\000\051}{section.4.11}% 93
\BOOKMARK [1][-]{section.4.12}{\376\377\000D\000e\000c\000i\000s\000i\000o\000n\000e\000s\000\040\000d\000e\000\040\000d\000i\000s\000e\000\361\000o\000\040\000r\000e\000l\000e\000v\000a\000n\000t\000e\000s}{chapter.4}% 94
\BOOKMARK [2][-]{subsection.4.12.1}{\376\377\000P\000o\000r\000\040\000q\000u\000\351\000\040\000t\000r\000e\000s\000\040\000r\000o\000l\000e\000s\000\040\000y\000\040\000n\000o\000\040\000m\000\341\000s\000\040\000n\000i\000\040\000m\000e\000n\000o\000s}{section.4.12}% 95
\BOOKMARK [2][-]{subsection.4.12.2}{\376\377\000P\000o\000r\000\040\000q\000u\000\351\000\040\000l\000o\000s\000\040\000e\000v\000e\000n\000t\000o\000s\000\040\000n\000o\000\040\000s\000e\000\040\000p\000u\000e\000d\000e\000n\000\040\000e\000l\000i\000m\000i\000n\000a\000r}{section.4.12}% 96
\BOOKMARK [2][-]{subsection.4.12.3}{\376\377\000P\000o\000r\000\040\000q\000u\000\351\000\040\000l\000o\000s\000\040\000e\000v\000e\000n\000t\000o\000s\000\040\000f\000i\000n\000a\000l\000i\000z\000a\000d\000o\000s\000\040\000n\000o\000\040\000s\000e\000\040\000b\000o\000r\000r\000a\000n}{section.4.12}% 97
\BOOKMARK [2][-]{subsection.4.12.4}{\376\377\000P\000o\000r\000\040\000q\000u\000\351\000\040\000e\000l\000\040\000m\000o\000d\000e\000r\000a\000d\000o\000r\000\040\000p\000u\000e\000d\000e\000\040\000e\000d\000i\000t\000a\000r\000\040\000u\000n\000\040\000e\000v\000e\000n\000t\000o\000\040\000d\000i\000r\000e\000c\000t\000a\000m\000e\000n\000t\000e\000\040\000a\000n\000t\000e\000s\000\040\000d\000e\000\040\000a\000p\000r\000o\000b\000a\000r\000l\000o}{section.4.12}% 98
\BOOKMARK [2][-]{subsection.4.12.5}{\376\377\000P\000o\000r\000\040\000q\000u\000\351\000\040\000e\000l\000\040\000a\000d\000m\000i\000n\000i\000s\000t\000r\000a\000d\000o\000r\000\040\000s\000o\000l\000o\000\040\000g\000e\000s\000t\000i\000o\000n\000a\000\040\000r\000o\000l\000e\000s\000\040\000y\000\040\000c\000a\000t\000e\000g\000o\000r\000\355\000a\000s}{section.4.12}% 99
\BOOKMARK [2][-]{subsection.4.12.6}{\376\377\000P\000o\000r\000\040\000q\000u\000\351\000\040\000e\000l\000\040\000c\000h\000a\000t\000\040\000i\000n\000c\000l\000u\000y\000e\000\040\000p\000e\000r\000s\000i\000s\000t\000e\000n\000c\000i\000a\000\040\000y\000\040\000n\000o\000\040\000e\000s\000\040\000s\000o\000l\000o\000\040\000e\000n\000\040\000t\000i\000e\000m\000p\000o\000\040\000r\000e\000a\000l}{section.4.12}% 100
\BOOKMARK [2][-]{subsection.4.12.7}{\376\377\000P\000o\000r\000\040\000q\000u\000\351\000\040\000l\000o\000s\000\040\000e\000v\000e\000n\000t\000o\000s\000\040\000p\000r\000i\000v\000a\000d\000o\000s\000\040\000s\000e\000\040\000a\000p\000r\000u\000e\000b\000a\000n\000\040\000a\000u\000t\000o\000m\000\341\000t\000i\000c\000a\000m\000e\000n\000t\000e}{section.4.12}% 101
\BOOKMARK [2][-]{subsection.4.12.8}{\376\377\000P\000o\000r\000\040\000q\000u\000\351\000\040\000l\000o\000s\000\040\000e\000v\000e\000n\000t\000o\000s\000\040\000p\000r\000i\000v\000a\000d\000o\000s\000\040\000u\000s\000a\000n\000\040\000u\000n\000\040\000e\000n\000l\000a\000c\000e\000\040\000U\000U\000I\000D\000\040\000e\000n\000\040\000l\000u\000g\000a\000r\000\040\000d\000e\000\040\000u\000n\000a\000\040\000l\000i\000s\000t\000a\000\040\000d\000e\000\040\000c\000o\000n\000t\000r\000o\000l\000\040\000d\000e\000\040\000a\000c\000c\000e\000s\000o}{section.4.12}% 102
\BOOKMARK [2][-]{subsection.4.12.9}{\376\377\000P\000o\000r\000\040\000q\000u\000\351\000\040\000l\000o\000s\000\040\000e\000v\000e\000n\000t\000o\000s\000\040\000r\000e\000c\000u\000r\000r\000e\000n\000t\000e\000s\000\040\000g\000e\000n\000e\000r\000a\000n\000\040\000i\000n\000s\000t\000a\000n\000c\000i\000a\000s\000\040\000i\000n\000d\000e\000p\000e\000n\000d\000i\000e\000n\000t\000e\000s\000\040\000e\000n\000\040\000b\000a\000s\000e\000\040\000d\000e\000\040\000d\000a\000t\000o\000s}{section.4.12}% 103
\BOOKMARK [2][-]{subsection.4.12.10}{\376\377\000P\000o\000r\000\040\000q\000u\000\351\000\040\000s\000e\000\040\000u\000s\000a\000\040\000P\000o\000s\000t\000G\000I\000S\000\040\000c\000o\000n\000\040\000t\000i\000p\000o\000\040\000g\000e\000o\000g\000r\000a\000p\000h\000y\000\040\000y\000\040\000S\000R\000I\000D\000\040\0004\0003\0002\0006}{section.4.12}% 104
\BOOKMARK [2][-]{subsection.4.12.11}{\376\377\000P\000o\000r\000\040\000q\000u\000\351\000\040\000h\000a\000y\000\040\000t\000r\000e\000s\000\040\000s\000c\000h\000e\000d\000u\000l\000e\000r\000s\000\040\000d\000e\000\040\000n\000o\000t\000i\000f\000i\000c\000a\000c\000i\000o\000n\000e\000s\000\040\000i\000n\000d\000e\000p\000e\000n\000d\000i\000e\000n\000t\000e\000s}{section.4.12}% 105
\BOOKMARK [2][-]{subsection.4.12.12}{\376\377\000P\000o\000r\000\040\000q\000u\000\351\000\040\000e\000l\000\040\000s\000c\000r\000a\000p\000i\000n\000g\000\040\000s\000e\000\040\000e\000j\000e\000c\000u\000t\000a\000\040\000a\000\040\000l\000a\000s\000\040\0003\000:\0000\0000\000\040\000A\000M}{section.4.12}% 106
\BOOKMARK [2][-]{subsection.4.12.13}{\376\377\000P\000o\000r\000\040\000q\000u\000\351\000\040\000e\000l\000\040\000c\000r\000o\000n\000\040\000j\000o\000b\000\040\000e\000s\000\040\000e\000x\000t\000e\000r\000n\000o\000\040\000y\000\040\000n\000o\000\040\000i\000n\000t\000e\000r\000n\000o\000\040\000a\000l\000\040\000b\000a\000c\000k\000e\000n\000d}{section.4.12}% 107
\BOOKMARK [2][-]{subsection.4.12.14}{\376\377\000F\000l\000u\000j\000o\000\040\000d\000e\000l\000\040\000s\000i\000s\000t\000e\000m\000a\000\040\000d\000e\000\040\000s\000c\000r\000a\000p\000i\000n\000g}{section.4.12}% 108
\BOOKMARK [2][-]{subsection.4.12.15}{\376\377\000P\000o\000r\000\040\000q\000u\000\351\000\040\000l\000o\000s\000\040\000s\000c\000r\000a\000p\000e\000r\000s\000\040\000s\000i\000g\000u\000e\000n\000\040\000e\000l\000\040\000p\000a\000t\000r\000\363\000n\000\040\000e\000s\000t\000r\000a\000t\000e\000g\000i\000a\000\040\000c\000o\000n\000\040\000i\000n\000t\000e\000r\000f\000a\000z\000\040\000I\000S\000c\000r\000a\000p\000e\000r}{section.4.12}% 109
\BOOKMARK [2][-]{subsection.4.12.16}{\376\377\000P\000o\000r\000\040\000q\000u\000\351\000\040\000s\000e\000\040\000u\000s\000a\000n\000\040\000c\000o\000n\000t\000e\000x\000t\000o\000s\000\040\000d\000e\000\040\000R\000e\000a\000c\000t\000\040\000e\000n\000\040\000l\000u\000g\000a\000r\000\040\000d\000e\000\040\000u\000n\000a\000\040\000l\000i\000b\000r\000e\000r\000\355\000a\000\040\000d\000e\000\040\000e\000s\000t\000a\000d\000o\000\040\000g\000l\000o\000b\000a\000l}{section.4.12}% 110
\BOOKMARK [2][-]{subsection.4.12.17}{\376\377\000P\000o\000r\000\040\000q\000u\000\351\000\040\000l\000a\000\040\000p\000r\000e\000f\000e\000r\000e\000n\000c\000i\000a\000\040\000d\000e\000\040\000t\000e\000m\000a\000\040\000s\000e\000\040\000g\000u\000a\000r\000d\000a\000\040\000e\000n\000\040\000A\000s\000y\000n\000c\000S\000t\000o\000r\000a\000g\000e\000\040\000y\000\040\000n\000o\000\040\000e\000n\000\040\000e\000l\000\040\000s\000e\000r\000v\000i\000d\000o\000r}{section.4.12}% 111
\BOOKMARK [2][-]{subsection.4.12.18}{\376\377\000P\000o\000r\000\040\000q\000u\000\351\000\040\000l\000a\000\040\000c\000o\000n\000e\000x\000i\000\363\000n\000\040\000W\000e\000b\000S\000o\000c\000k\000e\000t\000\040\000s\000e\000\040\000a\000u\000t\000e\000n\000t\000i\000c\000a\000\040\000e\000n\000\040\000e\000l\000\040\000h\000a\000n\000d\000s\000h\000a\000k\000e\000\040\000y\000\040\000n\000o\000\040\000p\000o\000r\000\040\000m\000e\000n\000s\000a\000j\000e}{section.4.12}% 112
\BOOKMARK [2][-]{subsection.4.12.19}{\376\377\000P\000o\000r\000\040\000q\000u\000\351\000\040\000e\000l\000\040\000h\000i\000s\000t\000o\000r\000i\000a\000l\000\040\000d\000e\000\040\000c\000h\000a\000t\000\040\000s\000e\000\040\000l\000i\000m\000i\000t\000a\000\040\000a\000\040\000l\000o\000s\000\040\000\372\000l\000t\000i\000m\000o\000s\000\040\0005\0000\000\040\000m\000e\000n\000s\000a\000j\000e\000s}{section.4.12}% 113
\BOOKMARK [2][-]{subsection.4.12.20}{\376\377\000P\000o\000r\000\040\000q\000u\000\351\000\040\000l\000a\000s\000\040\000i\000m\000\341\000g\000e\000n\000e\000s\000\040\000d\000e\000l\000\040\000e\000v\000e\000n\000t\000o\000\040\000u\000s\000a\000n\000\040\000u\000n\000\040\000c\000a\000m\000p\000o\000\040\000p\000r\000i\000n\000c\000i\000p\000a\000l\000\040\000y\000\040\000u\000n\000\040\000a\000r\000r\000a\000y\000\040\000a\000d\000i\000c\000i\000o\000n\000a\000l}{section.4.12}% 114
\BOOKMARK [2][-]{subsection.4.12.21}{\376\377\000P\000o\000r\000\040\000q\000u\000\351\000\040\000e\000l\000\040\000t\000o\000k\000e\000n\000\040\000d\000e\000\040\000F\000i\000r\000e\000b\000a\000s\000e\000\040\000s\000e\000\040\000r\000e\000f\000r\000e\000s\000c\000a\000\040\000c\000a\000d\000a\000\040\0005\0000\000\040\000m\000i\000n\000u\000t\000o\000s\000\040\000e\000n\000\040\000e\000l\000\040\000f\000r\000o\000n\000t\000e\000n\000d}{section.4.12}% 115
\BOOKMARK [2][-]{subsection.4.12.22}{\376\377\000P\000o\000r\000\040\000q\000u\000\351\000\040\000s\000o\000l\000o\000\040\000e\000l\000\040\000a\000d\000m\000i\000n\000i\000s\000t\000r\000a\000d\000o\000r\000\040\000p\000u\000e\000d\000e\000\040\000c\000r\000e\000a\000r\000\040\000y\000\040\000g\000e\000s\000t\000i\000o\000n\000a\000r\000\040\000c\000a\000t\000e\000g\000o\000r\000\355\000a\000s}{section.4.12}% 116
\BOOKMARK [2][-]{subsection.4.12.23}{\376\377\000P\000o\000r\000\040\000q\000u\000\351\000\040\000c\000u\000a\000l\000q\000u\000i\000e\000r\000\040\000u\000s\000u\000a\000r\000i\000o\000\040\000a\000u\000t\000e\000n\000t\000i\000c\000a\000d\000o\000\040\000p\000u\000e\000d\000e\000\040\000c\000r\000e\000a\000r\000\040\000e\000v\000e\000n\000t\000o\000s}{section.4.12}% 117
\BOOKMARK [2][-]{subsection.4.12.24}{\376\377\000P\000o\000r\000\040\000q\000u\000\351\000\040\000l\000o\000s\000\040\000r\000o\000l\000e\000s\000\040\000d\000e\000\040\000a\000d\000m\000i\000n\000i\000s\000t\000r\000a\000d\000o\000r\000\040\000y\000\040\000m\000o\000d\000e\000r\000a\000d\000o\000r\000\040\000n\000o\000\040\000s\000e\000\040\000h\000a\000n\000\040\000u\000n\000i\000f\000i\000c\000a\000d\000o}{section.4.12}% 118
\BOOKMARK [2][-]{subsection.4.12.25}{\376\377\000P\000o\000r\000\040\000q\000u\000\351\000\040\000s\000e\000\040\000h\000a\000\040\000i\000m\000p\000l\000e\000m\000e\000n\000t\000a\000d\000o\000\040\000s\000c\000r\000a\000p\000i\000n\000g\000\040\000e\000n\000\040\000l\000u\000g\000a\000r\000\040\000d\000e\000\040\000u\000s\000a\000r\000\040\000\372\000n\000i\000c\000a\000m\000e\000n\000t\000e\000\040\000A\000P\000I\000s\000\040\000o\000f\000i\000c\000i\000a\000l\000e\000s}{section.4.12}% 119
\BOOKMARK [2][-]{subsection.4.12.26}{\376\377\000P\000o\000r\000\040\000q\000u\000\351\000\040\000s\000e\000\040\000u\000s\000a\000\040\000C\000l\000o\000u\000d\000i\000n\000a\000r\000y\000\040\000p\000a\000r\000a\000\040\000e\000l\000\040\000a\000l\000m\000a\000c\000e\000n\000a\000m\000i\000e\000n\000t\000o\000\040\000d\000e\000\040\000i\000m\000\341\000g\000e\000n\000e\000s}{section.4.12}% 120
\BOOKMARK [2][-]{subsection.4.12.27}{\376\377\000P\000o\000r\000\040\000q\000u\000\351\000\040\000l\000a\000\040\000a\000p\000l\000i\000c\000a\000c\000i\000\363\000n\000\040\000o\000f\000r\000e\000c\000e\000\040\000m\000o\000d\000o\000\040\000c\000l\000a\000r\000o\000\040\000y\000\040\000m\000o\000d\000o\000\040\000o\000s\000c\000u\000r\000o}{section.4.12}% 121
\BOOKMARK [2][-]{subsection.4.12.28}{\376\377\000P\000o\000r\000\040\000q\000u\000\351\000\040\000s\000e\000\040\000u\000s\000a\000\040\000F\000i\000r\000e\000b\000a\000s\000e\000\040\000A\000u\000t\000h\000e\000n\000t\000i\000c\000a\000t\000i\000o\000n\000\040\000e\000n\000\040\000l\000u\000g\000a\000r\000\040\000d\000e\000\040\000a\000u\000t\000e\000n\000t\000i\000c\000a\000c\000i\000\363\000n\000\040\000p\000r\000o\000p\000i\000a}{section.4.12}% 122
\BOOKMARK [2][-]{subsection.4.12.29}{\376\377\000P\000o\000r\000\040\000q\000u\000\351\000\040\000s\000e\000\040\000u\000s\000a\000\040\000R\000e\000a\000c\000t\000\040\000N\000a\000t\000i\000v\000e\000\040\000c\000o\000n\000\040\000E\000x\000p\000o\000\040\000y\000\040\000n\000o\000\040\000o\000t\000r\000a\000\040\000t\000e\000c\000n\000o\000l\000o\000g\000\355\000a\000\040\000m\000\363\000v\000i\000l}{section.4.12}% 123
\BOOKMARK [2][-]{subsection.4.12.30}{\376\377\000P\000o\000r\000\040\000q\000u\000\351\000\040\000s\000e\000\040\000u\000s\000a\000\040\000N\000e\000s\000t\000J\000S\000\040\000c\000o\000m\000o\000\040\000f\000r\000a\000m\000e\000w\000o\000r\000k\000\040\000d\000e\000\040\000b\000a\000c\000k\000e\000n\000d}{section.4.12}% 124
\BOOKMARK [2][-]{subsection.4.12.31}{\376\377\000P\000o\000r\000\040\000q\000u\000\351\000\040\000s\000e\000\040\000u\000s\000a\000\040\000P\000o\000s\000t\000g\000r\000e\000S\000Q\000L\000\040\000e\000n\000\040\000l\000u\000g\000a\000r\000\040\000d\000e\000\040\000u\000n\000a\000\040\000b\000a\000s\000e\000\040\000d\000e\000\040\000d\000a\000t\000o\000s\000\040\000N\000o\000S\000Q\000L}{section.4.12}% 125
\BOOKMARK [2][-]{subsection.4.12.32}{\376\377\000P\000o\000r\000\040\000q\000u\000\351\000\040\000s\000e\000\040\000u\000s\000a\000\040\000T\000y\000p\000e\000O\000R\000M\000\040\000e\000n\000\040\000l\000u\000g\000a\000r\000\040\000d\000e\000\040\000P\000r\000i\000s\000m\000a\000\040\000u\000\040\000o\000t\000r\000o\000\040\000O\000R\000M}{section.4.12}% 126
\BOOKMARK [2][-]{subsection.4.12.33}{\376\377\000P\000o\000r\000\040\000q\000u\000\351\000\040\000s\000e\000\040\000u\000s\000a\000\040\000O\000p\000e\000n\000S\000t\000r\000e\000e\000t\000M\000a\000p\000\040\000e\000n\000\040\000l\000u\000g\000a\000r\000\040\000d\000e\000\040\000G\000o\000o\000g\000l\000e\000\040\000M\000a\000p\000s}{section.4.12}% 127
\BOOKMARK [2][-]{subsection.4.12.34}{\376\377\000P\000o\000r\000\040\000q\000u\000\351\000\040\000s\000e\000\040\000u\000s\000a\000\040\000A\000x\000i\000o\000s\000\040\000e\000n\000\040\000e\000l\000\040\000f\000r\000o\000n\000t\000e\000n\000d\000\040\000e\000n\000\040\000l\000u\000g\000a\000r\000\040\000d\000e\000\040\000f\000e\000t\000c\000h}{section.4.12}% 128
\BOOKMARK [2][-]{subsection.4.12.35}{\376\377\000P\000o\000r\000\040\000q\000u\000\351\000\040\000e\000x\000i\000s\000t\000e\000n\000\040\000t\000a\000n\000t\000o\000\040\000r\000u\000t\000a\000s\000\040\000c\000r\000e\000a\000d\000a\000s\000\040\000p\000o\000r\000\040\000u\000s\000u\000a\000r\000i\000o\000s\000\040\000c\000o\000m\000o\000\040\000r\000u\000t\000a\000s\000\040\000r\000e\000c\000o\000m\000e\000n\000d\000a\000d\000a\000s\000\040\000a\000u\000t\000o\000m\000\341\000t\000i\000c\000a\000m\000e\000n\000t\000e}{section.4.12}% 129
\BOOKMARK [2][-]{subsection.4.12.36}{\376\377\000P\000o\000r\000\040\000q\000u\000\351\000\040\000l\000o\000s\000\040\000u\000s\000u\000a\000r\000i\000o\000s\000\040\000p\000u\000e\000d\000e\000n\000\040\000s\000e\000g\000u\000i\000r\000s\000e\000\040\000e\000n\000t\000r\000e\000\040\000s\000\355}{section.4.12}% 130
\BOOKMARK [2][-]{subsection.4.12.37}{\376\377\000P\000o\000r\000\040\000q\000u\000\351\000\040\000e\000l\000\040\000p\000r\000e\000c\000i\000o\000\040\000d\000e\000\040\000u\000n\000\040\000e\000v\000e\000n\000t\000o\000\040\000p\000u\000e\000d\000e\000\040\000s\000e\000r\000\040\000f\000i\000j\000o\000\040\000o\000\040\000e\000x\000p\000r\000e\000s\000a\000r\000s\000e\000\040\000c\000o\000m\000o\000\040\000r\000a\000n\000g\000o}{section.4.12}% 131
\BOOKMARK [2][-]{subsection.4.12.38}{\376\377\000P\000o\000r\000\040\000q\000u\000\351\000\040\000s\000e\000\040\000i\000m\000p\000l\000e\000m\000e\000n\000t\000a\000\040\000d\000e\000e\000p\000\040\000l\000i\000n\000k\000i\000n\000g}{section.4.12}% 132
\BOOKMARK [1][-]{section.4.13}{\376\377\000C\000o\000n\000c\000l\000u\000s\000i\000o\000n\000e\000s}{chapter.4}% 133
\BOOKMARK [0][-]{chapter.5}{\376\377\000I\000m\000p\000l\000e\000m\000e\000n\000t\000a\000c\000i\000\363\000n}{}% 134
\BOOKMARK [1][-]{section.5.1}{\376\377\000I\000n\000t\000r\000o\000d\000u\000c\000c\000i\000\363\000n}{chapter.5}% 135
\BOOKMARK [1][-]{section.5.2}{\376\377\000H\000e\000r\000r\000a\000m\000i\000e\000n\000t\000a\000s}{chapter.5}% 136
\BOOKMARK [2][-]{subsection.5.2.1}{\376\377\000O\000R\000M\000\040\000y\000\040\000d\000a\000t\000o\000s\000\040\000g\000e\000o\000g\000r\000\341\000f\000i\000c\000o\000s}{section.5.2}% 137
\BOOKMARK [2][-]{subsection.5.2.2}{\376\377\000S\000c\000r\000a\000p\000i\000n\000g}{section.5.2}% 138
\BOOKMARK [1][-]{section.5.3}{\376\377\000E\000s\000t\000r\000u\000c\000t\000u\000r\000a\000\040\000d\000e\000l\000\040\000p\000r\000o\000y\000e\000c\000t\000o}{chapter.5}% 139
\BOOKMARK [1][-]{section.5.4}{\376\377\000I\000m\000p\000l\000e\000m\000e\000n\000t\000a\000c\000i\000\363\000n\000\040\000d\000e\000l\000\040\000b\000a\000c\000k\000e\000n\000d}{chapter.5}% 140
\BOOKMARK [2][-]{subsection.5.4.1}{\376\377\000O\000r\000g\000a\000n\000i\000z\000a\000c\000i\000\363\000n\000\040\000m\000o\000d\000u\000l\000a\000r}{section.5.4}% 141
\BOOKMARK [2][-]{subsection.5.4.2}{\376\377\000A\000P\000I\000\040\000d\000e\000\040\000e\000v\000e\000n\000t\000o\000s}{section.5.4}% 142
\BOOKMARK [2][-]{subsection.5.4.3}{\376\377\000V\000a\000l\000i\000d\000a\000c\000i\000\363\000n\000\040\000d\000e\000\040\000d\000a\000t\000o\000s}{section.5.4}% 143
\BOOKMARK [2][-]{subsection.5.4.4}{\376\377\000A\000c\000t\000u\000a\000l\000i\000z\000a\000c\000i\000\363\000n\000\040\000d\000e\000\040\000e\000v\000e\000n\000t\000o\000s}{section.5.4}% 144
\BOOKMARK [2][-]{subsection.5.4.5}{\376\377\000C\000o\000n\000t\000r\000o\000l\000\040\000d\000e\000\040\000r\000o\000l\000e\000s}{section.5.4}% 145
\BOOKMARK [2][-]{subsection.5.4.6}{\376\377\000L\000i\000m\000i\000t\000a\000c\000i\000\363\000n\000\040\000d\000e\000\040\000v\000e\000l\000o\000c\000i\000d\000a\000d}{section.5.4}% 146
\BOOKMARK [2][-]{subsection.5.4.7}{\376\377\000A\000u\000t\000e\000n\000t\000i\000c\000a\000c\000i\000\363\000n\000\040\000e\000n\000\040\000e\000n\000d\000p\000o\000i\000n\000t\000s\000\040\000p\000r\000o\000t\000e\000g\000i\000d\000o\000s}{section.5.4}% 147
\BOOKMARK [2][-]{subsection.5.4.8}{\376\377\000E\000v\000e\000n\000t\000o\000s\000\040\000r\000e\000c\000u\000r\000r\000e\000n\000t\000e\000s}{section.5.4}% 148
\BOOKMARK [1][-]{section.5.5}{\376\377\000I\000m\000p\000l\000e\000m\000e\000n\000t\000a\000c\000i\000\363\000n\000\040\000d\000e\000l\000\040\000f\000r\000o\000n\000t\000e\000n\000d}{chapter.5}% 149
\BOOKMARK [2][-]{subsection.5.5.1}{\376\377\000E\000s\000t\000r\000u\000c\000t\000u\000r\000a\000\040\000d\000e\000\040\000p\000a\000n\000t\000a\000l\000l\000a\000s}{section.5.5}% 150
\BOOKMARK [2][-]{subsection.5.5.2}{\376\377\000C\000o\000m\000u\000n\000i\000c\000a\000c\000i\000\363\000n\000\040\000c\000o\000n\000\040\000l\000a\000\040\000A\000P\000I}{section.5.5}% 151
\BOOKMARK [2][-]{subsection.5.5.3}{\376\377\000G\000e\000s\000t\000i\000\363\000n\000\040\000d\000e\000\040\000m\000a\000p\000a\000s}{section.5.5}% 152
\BOOKMARK [2][-]{subsection.5.5.4}{\376\377\000G\000e\000s\000t\000i\000\363\000n\000\040\000d\000e\000\040\000i\000m\000\341\000g\000e\000n\000e\000s}{section.5.5}% 153
\BOOKMARK [1][-]{section.5.6}{\376\377\000I\000m\000p\000l\000e\000m\000e\000n\000t\000a\000c\000i\000\363\000n\000\040\000d\000e\000\040\000f\000u\000n\000c\000i\000o\000n\000a\000l\000i\000d\000a\000d\000e\000s\000\040\000p\000r\000i\000n\000c\000i\000p\000a\000l\000e\000s}{chapter.5}% 154
\BOOKMARK [2][-]{subsection.5.6.1}{\376\377\000C\000r\000e\000a\000c\000i\000\363\000n\000\040\000y\000\040\000e\000d\000i\000c\000i\000\363\000n\000\040\000d\000e\000\040\000e\000v\000e\000n\000t\000o\000s}{section.5.6}% 155
\BOOKMARK [2][-]{subsection.5.6.2}{\376\377\000M\000o\000d\000e\000r\000a\000c\000i\000\363\000n\000\040\000d\000e\000\040\000e\000v\000e\000n\000t\000o\000s}{section.5.6}% 156
\BOOKMARK [2][-]{subsection.5.6.3}{\376\377\000E\000v\000e\000n\000t\000o\000s\000\040\000p\000r\000i\000v\000a\000d\000o\000s}{section.5.6}% 157
\BOOKMARK [2][-]{subsection.5.6.4}{\376\377\000P\000a\000r\000t\000i\000c\000i\000p\000a\000c\000i\000\363\000n\000\040\000y\000\040\000o\000r\000g\000a\000n\000i\000z\000a\000c\000i\000\363\000n\000\040\000d\000e\000\040\000e\000v\000e\000n\000t\000o\000s}{section.5.6}% 158
\BOOKMARK [2][-]{subsection.5.6.5}{\376\377\000R\000e\000c\000o\000m\000e\000n\000d\000a\000c\000i\000o\000n\000e\000s}{section.5.6}% 159
\BOOKMARK [2][-]{subsection.5.6.6}{\376\377\000R\000u\000t\000a\000s}{section.5.6}% 160
\BOOKMARK [2][-]{subsection.5.6.7}{\376\377\000G\000e\000s\000t\000i\000\363\000n\000\040\000d\000e\000\040\000p\000e\000r\000f\000i\000l\000e\000s\000\040\000d\000e\000\040\000u\000s\000u\000a\000r\000i\000o}{section.5.6}% 161
\BOOKMARK [2][-]{subsection.5.6.8}{\376\377\000S\000i\000s\000t\000e\000m\000a\000\040\000d\000e\000\040\000s\000e\000g\000u\000i\000d\000o\000r\000e\000s}{section.5.6}% 162
\BOOKMARK [2][-]{subsection.5.6.9}{\376\377\000C\000h\000a\000t\000\040\000y\000\040\000m\000e\000n\000s\000a\000j\000e\000r\000\355\000a}{section.5.6}% 163
\BOOKMARK [2][-]{subsection.5.6.10}{\376\377\000N\000o\000t\000i\000f\000i\000c\000a\000c\000i\000o\000n\000e\000s}{section.5.6}% 164
\BOOKMARK [2][-]{subsection.5.6.11}{\376\377\000S\000c\000r\000a\000p\000i\000n\000g\000\040\000d\000e\000\040\000e\000v\000e\000n\000t\000o\000s\000\040\000e\000x\000t\000e\000r\000n\000o\000s}{section.5.6}% 165
\BOOKMARK [2][-]{subsection.5.6.12}{\376\377\000T\000a\000r\000e\000a\000s\000\040\000p\000r\000o\000g\000r\000a\000m\000a\000d\000a\000s}{section.5.6}% 166
\BOOKMARK [1][-]{section.5.7}{\376\377\000G\000e\000s\000t\000i\000\363\000n\000\040\000d\000e\000\040\000l\000a\000\040\000b\000a\000s\000e\000\040\000d\000e\000\040\000d\000a\000t\000o\000s}{chapter.5}% 167
\BOOKMARK [1][-]{section.5.8}{\376\377\000D\000e\000s\000p\000l\000i\000e\000g\000u\000e\000\040\000y\000\040\000e\000n\000t\000o\000r\000n\000o\000\040\000d\000e\000\040\000d\000e\000s\000a\000r\000r\000o\000l\000l\000o}{chapter.5}% 168
\BOOKMARK [1][-]{section.5.9}{\376\377\000C\000o\000n\000c\000l\000u\000s\000i\000o\000n\000e\000s}{chapter.5}% 169
\BOOKMARK [0][-]{chapter.6}{\376\377\000P\000r\000u\000e\000b\000a\000s}{}% 170
\BOOKMARK [1][-]{section.6.1}{\376\377\000I\000n\000t\000r\000o\000d\000u\000c\000c\000i\000\363\000n}{chapter.6}% 171
\BOOKMARK [1][-]{section.6.2}{\376\377\000M\000e\000t\000o\000d\000o\000l\000o\000g\000\355\000a\000\040\000y\000\040\000t\000i\000p\000o\000s\000\040\000d\000e\000\040\000p\000r\000u\000e\000b\000a\000s}{chapter.6}% 172
\BOOKMARK [2][-]{subsection.6.2.1}{\376\377\000P\000r\000u\000e\000b\000a\000s\000\040\000u\000n\000i\000t\000a\000r\000i\000a\000s\000\040\000d\000e\000l\000\040\000b\000a\000c\000k\000e\000n\000d}{section.6.2}% 173
\BOOKMARK [2][-]{subsection.6.2.2}{\376\377\000R\000e\000s\000u\000m\000e\000n\000\040\000d\000e\000\040\000p\000r\000u\000e\000b\000a\000s\000\040\000u\000n\000i\000t\000a\000r\000i\000a\000s}{section.6.2}% 174
\BOOKMARK [2][-]{subsection.6.2.3}{\376\377\000C\000o\000b\000e\000r\000t\000u\000r\000a\000\040\000d\000e\000\040\000c\000\363\000d\000i\000g\000o}{section.6.2}% 175
\BOOKMARK [2][-]{subsection.6.2.4}{\376\377\000P\000r\000u\000e\000b\000a\000s\000\040\000d\000e\000\040\000a\000c\000e\000p\000t\000a\000c\000i\000\363\000n}{section.6.2}% 176
\BOOKMARK [1][-]{section.6.3}{\376\377\000E\000n\000t\000o\000r\000n\000o\000\040\000d\000e\000\040\000p\000r\000u\000e\000b\000a\000s}{chapter.6}% 177
\BOOKMARK [2][-]{subsection.6.3.1}{\376\377\000I\000n\000c\000i\000d\000e\000n\000c\000i\000a\000s\000\040\000d\000e\000\040\000c\000o\000m\000p\000a\000t\000i\000b\000i\000l\000i\000d\000a\000d\000\040\000c\000o\000n\000\040\000A\000n\000d\000r\000o\000i\000d}{section.6.3}% 178
\BOOKMARK [1][-]{section.6.4}{\376\377\000P\000l\000a\000n\000\040\000d\000e\000\040\000p\000r\000u\000e\000b\000a\000s\000\040\000d\000e\000\040\000a\000c\000e\000p\000t\000a\000c\000i\000\363\000n}{chapter.6}% 179
\BOOKMARK [2][-]{subsection.6.4.1}{\376\377\000P\000r\000u\000e\000b\000a\000s\000\040\000d\000e\000\040\000a\000u\000t\000e\000n\000t\000i\000c\000a\000c\000i\000\363\000n\000\040\000y\000\040\000p\000e\000r\000f\000i\000l}{section.6.4}% 180
\BOOKMARK [2][-]{subsection.6.4.2}{\376\377\000P\000r\000u\000e\000b\000a\000s\000\040\000d\000e\000\040\000c\000o\000n\000s\000u\000l\000t\000a\000,\000\040\000b\000\372\000s\000q\000u\000e\000d\000a\000\040\000y\000\040\000d\000e\000t\000a\000l\000l\000e\000\040\000d\000e\000\040\000e\000v\000e\000n\000t\000o\000s}{section.6.4}% 181
\BOOKMARK [2][-]{subsection.6.4.3}{\376\377\000P\000r\000u\000e\000b\000a\000s\000\040\000d\000e\000\040\000g\000e\000o\000l\000o\000c\000a\000l\000i\000z\000a\000c\000i\000\363\000n\000\040\000y\000\040\000m\000a\000p\000a}{section.6.4}% 182
\BOOKMARK [2][-]{subsection.6.4.4}{\376\377\000P\000r\000u\000e\000b\000a\000s\000\040\000d\000e\000\040\000i\000n\000t\000e\000r\000a\000c\000c\000i\000\363\000n\000\040\000s\000o\000c\000i\000a\000l\000:\000\040\000c\000h\000a\000t\000,\000\040\000m\000e\000n\000s\000a\000j\000e\000r\000\355\000a\000\040\000y\000\040\000v\000a\000l\000o\000r\000a\000c\000i\000o\000n\000e\000s}{section.6.4}% 183
\BOOKMARK [2][-]{subsection.6.4.5}{\376\377\000P\000r\000u\000e\000b\000a\000s\000\040\000d\000e\000\040\000r\000e\000c\000o\000m\000e\000n\000d\000a\000c\000i\000o\000n\000e\000s\000\040\000y\000\040\000r\000u\000t\000a\000s}{section.6.4}% 184
\BOOKMARK [2][-]{subsection.6.4.6}{\376\377\000P\000r\000u\000e\000b\000a\000s\000\040\000d\000e\000\040\000e\000v\000e\000n\000t\000o\000s\000\040\000p\000r\000i\000v\000a\000d\000o\000s\000\040\000y\000\040\000g\000e\000s\000t\000i\000\363\000n\000\040\000d\000e\000\040\000e\000v\000e\000n\000t\000o\000s\000\040\000c\000r\000e\000a\000d\000o\000s}{section.6.4}% 185
\BOOKMARK [2][-]{subsection.6.4.7}{\376\377\000P\000r\000u\000e\000b\000a\000s\000\040\000d\000e\000\040\000a\000d\000m\000i\000n\000i\000s\000t\000r\000a\000c\000i\000\363\000n\000\040\000y\000\040\000m\000o\000d\000e\000r\000a\000c\000i\000\363\000n}{section.6.4}% 186
\BOOKMARK [2][-]{subsection.6.4.8}{\376\377\000P\000r\000u\000e\000b\000a\000s\000\040\000d\000e\000\040\000n\000o\000t\000i\000f\000i\000c\000a\000c\000i\000o\000n\000e\000s}{section.6.4}% 187
\BOOKMARK [1][-]{section.6.5}{\376\377\000R\000e\000s\000u\000l\000t\000a\000d\000o\000s\000\040\000d\000e\000\040\000l\000a\000s\000\040\000p\000r\000u\000e\000b\000a\000s\000\040\000d\000e\000\040\000a\000c\000e\000p\000t\000a\000c\000i\000\363\000n}{chapter.6}% 188
\BOOKMARK [1][-]{section.6.6}{\376\377\000C\000o\000n\000c\000l\000u\000s\000i\000o\000n\000e\000s}{chapter.6}% 189
\BOOKMARK [0][-]{chapter.7}{\376\377\000M\000a\000n\000u\000a\000l\000\040\000d\000e\000\040\000D\000e\000s\000a\000r\000r\000o\000l\000l\000o}{}% 190
\BOOKMARK [1][-]{section.7.1}{\376\377\000O\000b\000j\000e\000t\000i\000v\000o}{chapter.7}% 191
\BOOKMARK [1][-]{section.7.2}{\376\377\000A\000r\000q\000u\000i\000t\000e\000c\000t\000u\000r\000a\000\040\000d\000e\000l\000\040\000s\000i\000s\000t\000e\000m\000a}{chapter.7}% 192
\BOOKMARK [2][-]{subsection.7.2.1}{\376\377\000V\000i\000s\000i\000\363\000n\000\040\000g\000e\000n\000e\000r\000a\000l}{section.7.2}% 193
\BOOKMARK [2][-]{subsection.7.2.2}{\376\377\000C\000l\000i\000e\000n\000t\000e\000\040\000m\000\363\000v\000i\000l}{section.7.2}% 194
\BOOKMARK [2][-]{subsection.7.2.3}{\376\377\000S\000e\000r\000v\000i\000d\000o\000r\000\040\000b\000a\000c\000k\000e\000n\000d}{section.7.2}% 195
\BOOKMARK [2][-]{subsection.7.2.4}{\376\377\000B\000a\000s\000e\000\040\000d\000e\000\040\000d\000a\000t\000o\000s}{section.7.2}% 196
\BOOKMARK [2][-]{subsection.7.2.5}{\376\377\000S\000e\000r\000v\000i\000c\000i\000o\000s\000\040\000e\000x\000t\000e\000r\000n\000o\000s}{section.7.2}% 197
\BOOKMARK [1][-]{section.7.3}{\376\377\000T\000e\000c\000n\000o\000l\000o\000g\000\355\000a\000s\000\040\000y\000\040\000v\000e\000r\000s\000i\000o\000n\000e\000s}{chapter.7}% 198
\BOOKMARK [1][-]{section.7.4}{\376\377\000P\000r\000e\000r\000r\000e\000q\000u\000i\000s\000i\000t\000o\000s}{chapter.7}% 199
\BOOKMARK [1][-]{section.7.5}{\376\377\000O\000b\000t\000e\000n\000c\000i\000\363\000n\000\040\000d\000e\000l\000\040\000c\000\363\000d\000i\000g\000o\000\040\000f\000u\000e\000n\000t\000e}{chapter.7}% 200
\BOOKMARK [1][-]{section.7.6}{\376\377\000I\000n\000s\000t\000a\000l\000a\000c\000i\000\363\000n\000\040\000d\000e\000\040\000d\000e\000p\000e\000n\000d\000e\000n\000c\000i\000a\000s}{chapter.7}% 201
\BOOKMARK [1][-]{section.7.7}{\376\377\000V\000a\000r\000i\000a\000b\000l\000e\000s\000\040\000d\000e\000\040\000e\000n\000t\000o\000r\000n\000o}{chapter.7}% 202
\BOOKMARK [2][-]{subsection.7.7.1}{\376\377\000B\000a\000c\000k\000e\000n\000d\000\040\000\050\000a\000p\000p\000s\000/\000b\000a\000c\000k\000e\000n\000d\000/\000.\000e\000n\000v\000\051}{section.7.7}% 203
\BOOKMARK [2][-]{subsection.7.7.2}{\376\377\000F\000r\000o\000n\000t\000e\000n\000d\000\040\000\050\000a\000p\000p\000s\000/\000f\000r\000o\000n\000t\000e\000n\000d\000/\000.\000e\000n\000v\000\051}{section.7.7}% 204
\BOOKMARK [1][-]{section.7.8}{\376\377\000E\000j\000e\000c\000u\000c\000i\000\363\000n\000\040\000l\000o\000c\000a\000l}{chapter.7}% 205
\BOOKMARK [2][-]{subsection.7.8.1}{\376\377\0001\000.\000\040\000B\000a\000s\000e\000\040\000d\000e\000\040\000d\000a\000t\000o\000s}{section.7.8}% 206
\BOOKMARK [2][-]{subsection.7.8.2}{\376\377\0002\000.\000\040\000B\000a\000c\000k\000e\000n\000d}{section.7.8}% 207
\BOOKMARK [2][-]{subsection.7.8.3}{\376\377\0003\000.\000\040\000F\000r\000o\000n\000t\000e\000n\000d}{section.7.8}% 208
\BOOKMARK [1][-]{section.7.9}{\376\377\000E\000s\000t\000r\000u\000c\000t\000u\000r\000a\000\040\000d\000e\000l\000\040\000p\000r\000o\000y\000e\000c\000t\000o}{chapter.7}% 209
\BOOKMARK [2][-]{subsection.7.9.1}{\376\377\000M\000\363\000d\000u\000l\000o\000s\000\040\000d\000e\000l\000\040\000b\000a\000c\000k\000e\000n\000d}{section.7.9}% 210
\BOOKMARK [2][-]{subsection.7.9.2}{\376\377\000P\000a\000n\000t\000a\000l\000l\000a\000s\000\040\000d\000e\000l\000\040\000f\000r\000o\000n\000t\000e\000n\000d}{section.7.9}% 211
\BOOKMARK [1][-]{section.7.10}{\376\377\000E\000c\000o\000s\000i\000s\000t\000e\000m\000a\000\040\000d\000e\000\040\000d\000e\000s\000a\000r\000r\000o\000l\000l\000o}{chapter.7}% 212
\BOOKMARK [2][-]{subsection.7.10.1}{\376\377\000H\000e\000r\000r\000a\000m\000i\000e\000n\000t\000a\000s\000\040\000d\000e\000\040\000i\000m\000p\000l\000e\000m\000e\000n\000t\000a\000c\000i\000\363\000n}{section.7.10}% 213
\BOOKMARK [2][-]{subsection.7.10.2}{\376\377\000H\000e\000r\000r\000a\000m\000i\000e\000n\000t\000a\000s\000\040\000d\000e\000\040\000d\000o\000c\000u\000m\000e\000n\000t\000a\000c\000i\000\363\000n}{section.7.10}% 214
\BOOKMARK [2][-]{subsection.7.10.3}{\376\377\000H\000e\000r\000r\000a\000m\000i\000e\000n\000t\000a\000s\000\040\000d\000e\000\040\000g\000e\000s\000t\000i\000\363\000n\000\040\000d\000e\000l\000\040\000p\000r\000o\000y\000e\000c\000t\000o}{section.7.10}% 215
\BOOKMARK [2][-]{subsection.7.10.4}{\376\377\000A\000s\000i\000s\000t\000e\000n\000t\000e\000s\000\040\000d\000e\000\040\000I\000A}{section.7.10}% 216
\BOOKMARK [1][-]{section.7.11}{\376\377\000P\000o\000l\000\355\000t\000i\000c\000a\000\040\000d\000e\000\040\000g\000e\000s\000t\000i\000\363\000n\000\040\000d\000e\000l\000\040\000c\000\363\000d\000i\000g\000o\000\040\000f\000u\000e\000n\000t\000e}{chapter.7}% 217
\BOOKMARK [2][-]{subsection.7.11.1}{\376\377\000E\000s\000t\000r\000a\000t\000e\000g\000i\000a\000\040\000d\000e\000\040\000r\000a\000m\000a\000s}{section.7.11}% 218
\BOOKMARK [2][-]{subsection.7.11.2}{\376\377\000C\000o\000n\000v\000e\000n\000c\000i\000\363\000n\000\040\000d\000e\000\040\000c\000o\000m\000m\000i\000t\000s}{section.7.11}% 219
\BOOKMARK [1][-]{section.7.12}{\376\377\000I\000n\000t\000e\000g\000r\000a\000c\000i\000\363\000n\000\040\000c\000o\000n\000t\000i\000n\000u\000a}{chapter.7}% 220
\BOOKMARK [1][-]{section.7.13}{\376\377\000R\000e\000s\000o\000l\000u\000c\000i\000\363\000n\000\040\000d\000e\000\040\000p\000r\000o\000b\000l\000e\000m\000a\000s\000\040\000c\000o\000m\000u\000n\000e\000s}{chapter.7}% 221
\BOOKMARK [2][-]{subsection.7.13.1}{\376\377\000B\000a\000s\000e\000\040\000d\000e\000\040\000d\000a\000t\000o\000s}{section.7.13}% 222
\BOOKMARK [2][-]{subsection.7.13.2}{\376\377\000B\000a\000c\000k\000e\000n\000d}{section.7.13}% 223
\BOOKMARK [2][-]{subsection.7.13.3}{\376\377\000F\000r\000o\000n\000t\000e\000n\000d}{section.7.13}% 224
\BOOKMARK [1][-]{section.7.14}{\376\377\000R\000e\000f\000e\000r\000e\000n\000c\000i\000a\000s}{chapter.7}% 225
\BOOKMARK [0][-]{chapter.8}{\376\377\000M\000a\000n\000u\000a\000l\000\040\000d\000e\000\040\000d\000e\000s\000p\000l\000i\000e\000g\000u\000e}{}% 226
\BOOKMARK [1][-]{section.8.1}{\376\377\000O\000b\000j\000e\000t\000i\000v\000o}{chapter.8}% 227
\BOOKMARK [1][-]{section.8.2}{\376\377\000A\000r\000q\000u\000i\000t\000e\000c\000t\000u\000r\000a\000\040\000d\000e\000\040\000d\000e\000s\000p\000l\000i\000e\000g\000u\000e}{chapter.8}% 228
\BOOKMARK [2][-]{subsection.8.2.1}{\376\377\000C\000o\000m\000p\000o\000n\000e\000n\000t\000e\000s\000\040\000p\000r\000i\000n\000c\000i\000p\000a\000l\000e\000s}{section.8.2}% 229
\BOOKMARK [1][-]{section.8.3}{\376\377\000V\000e\000r\000s\000i\000o\000n\000e\000s}{chapter.8}% 230
\BOOKMARK [1][-]{section.8.4}{\376\377\000D\000e\000s\000p\000l\000i\000e\000g\000u\000e\000\040\000d\000e\000\040\000l\000a\000\040\000b\000a\000s\000e\000\040\000d\000e\000\040\000d\000a\000t\000o\000s}{chapter.8}% 231
\BOOKMARK [2][-]{subsection.8.4.1}{\376\377\000O\000p\000c\000i\000\363\000n\000\040\000r\000e\000c\000o\000m\000e\000n\000d\000a\000d\000a\000:\000\040\000s\000e\000r\000v\000i\000c\000i\000o\000\040\000g\000e\000s\000t\000i\000o\000n\000a\000d\000o}{section.8.4}% 232
\BOOKMARK [2][-]{subsection.8.4.2}{\376\377\000C\000o\000n\000f\000i\000g\000u\000r\000a\000c\000i\000\363\000n\000\040\000d\000e\000\040\000S\000S\000L}{section.8.4}% 233
\BOOKMARK [2][-]{subsection.8.4.3}{\376\377\000A\000l\000t\000e\000r\000n\000a\000t\000i\000v\000a\000:\000\040\000d\000e\000s\000p\000l\000i\000e\000g\000u\000e\000\040\000c\000o\000n\000\040\000D\000o\000c\000k\000e\000r}{section.8.4}% 234
\BOOKMARK [1][-]{section.8.5}{\376\377\000D\000e\000s\000p\000l\000i\000e\000g\000u\000e\000\040\000d\000e\000l\000\040\000b\000a\000c\000k\000e\000n\000d}{chapter.8}% 235
\BOOKMARK [2][-]{subsection.8.5.1}{\376\377\000C\000o\000n\000s\000t\000r\000u\000c\000c\000i\000\363\000n\000\040\000l\000o\000c\000a\000l\000\040\000p\000r\000e\000v\000i\000a}{section.8.5}% 236
\BOOKMARK [2][-]{subsection.8.5.2}{\376\377\000V\000a\000r\000i\000a\000b\000l\000e\000s\000\040\000d\000e\000\040\000e\000n\000t\000o\000r\000n\000o\000\040\000d\000e\000\040\000p\000r\000o\000d\000u\000c\000c\000i\000\363\000n}{section.8.5}% 237
\BOOKMARK [2][-]{subsection.8.5.3}{\376\377\000D\000e\000s\000p\000l\000i\000e\000g\000u\000e\000\040\000e\000n\000\040\000R\000e\000n\000d\000e\000r}{section.8.5}% 238
\BOOKMARK [1][-]{section.8.6}{\376\377\000D\000i\000s\000t\000r\000i\000b\000u\000c\000i\000\363\000n\000\040\000d\000e\000\040\000l\000a\000\040\000a\000p\000l\000i\000c\000a\000c\000i\000\363\000n\000\040\000m\000\363\000v\000i\000l}{chapter.8}% 239
\BOOKMARK [2][-]{subsection.8.6.1}{\376\377\000V\000a\000r\000i\000a\000b\000l\000e\000s\000\040\000d\000e\000\040\000e\000n\000t\000o\000r\000n\000o\000\040\000d\000e\000l\000\040\000f\000r\000o\000n\000t\000e\000n\000d}{section.8.6}% 240
\BOOKMARK [2][-]{subsection.8.6.2}{\376\377\000O\000p\000c\000i\000\363\000n\000\040\0001\000:\000\040\000A\000P\000K\000\040\000p\000a\000r\000a\000\040\000A\000n\000d\000r\000o\000i\000d}{section.8.6}% 241
\BOOKMARK [2][-]{subsection.8.6.3}{\376\377\000O\000p\000c\000i\000\363\000n\000\040\0002\000:\000\040\000E\000x\000p\000o\000\040\000G\000o}{section.8.6}% 242
\BOOKMARK [1][-]{section.8.7}{\376\377\000V\000a\000l\000i\000d\000a\000c\000i\000\363\000n\000\040\000p\000o\000s\000t\000e\000r\000i\000o\000r\000\040\000a\000l\000\040\000d\000e\000s\000p\000l\000i\000e\000g\000u\000e}{chapter.8}% 243
\BOOKMARK [2][-]{subsection.8.7.1}{\376\377\000V\000e\000r\000i\000f\000i\000c\000a\000c\000i\000\363\000n\000\040\000d\000e\000l\000\040\000b\000a\000c\000k\000e\000n\000d}{section.8.7}% 244
\BOOKMARK [2][-]{subsection.8.7.2}{\376\377\000F\000u\000n\000c\000i\000o\000n\000a\000l\000i\000d\000a\000d\000e\000s\000\040\000a\000\040\000v\000a\000l\000i\000d\000a\000r}{section.8.7}% 245
\BOOKMARK [1][-]{section.8.8}{\376\377\000C\000h\000e\000c\000k\000l\000i\000s\000t\000\040\000d\000e\000\040\000d\000e\000s\000p\000l\000i\000e\000g\000u\000e}{chapter.8}% 246
\BOOKMARK [1][-]{section.8.9}{\376\377\000A\000c\000t\000u\000a\000l\000i\000z\000a\000c\000i\000\363\000n\000\040\000d\000e\000l\000\040\000s\000i\000s\000t\000e\000m\000a}{chapter.8}% 247
\BOOKMARK [1][-]{section.8.10}{\376\377\000R\000o\000l\000l\000b\000a\000c\000k\000\040\000y\000\040\000r\000e\000c\000u\000p\000e\000r\000a\000c\000i\000\363\000n}{chapter.8}% 248
\BOOKMARK [2][-]{subsection.8.10.1}{\376\377\000R\000o\000l\000l\000b\000a\000c\000k\000\040\000d\000e\000l\000\040\000b\000a\000c\000k\000e\000n\000d\000\040\000e\000n\000\040\000R\000e\000n\000d\000e\000r}{section.8.10}% 249
\BOOKMARK [2][-]{subsection.8.10.2}{\376\377\000R\000o\000l\000l\000b\000a\000c\000k\000\040\000d\000e\000\040\000l\000a\000\040\000a\000p\000l\000i\000c\000a\000c\000i\000\363\000n\000\040\000m\000\363\000v\000i\000l}{section.8.10}% 250
\BOOKMARK [2][-]{subsection.8.10.3}{\376\377\000R\000e\000s\000p\000a\000l\000d\000o\000\040\000d\000e\000\040\000l\000a\000\040\000b\000a\000s\000e\000\040\000d\000e\000\040\000d\000a\000t\000o\000s}{section.8.10}% 251
\BOOKMARK [1][-]{section.8.11}{\376\377\000R\000e\000f\000e\000r\000e\000n\000c\000i\000a\000s}{chapter.8}% 252
\BOOKMARK [0][-]{chapter.9}{\376\377\000M\000a\000n\000u\000a\000l\000\040\000d\000e\000\040\000u\000s\000u\000a\000r\000i\000o}{}% 253
\BOOKMARK [1][-]{section.9.1}{\376\377\000I\000n\000t\000r\000o\000d\000u\000c\000c\000i\000\363\000n}{chapter.9}% 254
\BOOKMARK [1][-]{section.9.2}{\376\377\000D\000e\000f\000i\000n\000i\000c\000i\000\363\000n\000\040\000d\000e\000\040\000e\000n\000t\000i\000d\000a\000d\000e\000s\000\040\000y\000\040\000f\000u\000n\000c\000i\000o\000n\000a\000l\000i\000d\000a\000d\000e\000s}{chapter.9}% 255
\BOOKMARK [1][-]{section.9.3}{\376\377\000R\000e\000q\000u\000i\000s\000i\000t\000o\000s\000\040\000t\000\351\000c\000n\000i\000c\000o\000s}{chapter.9}% 256
\BOOKMARK [1][-]{section.9.4}{\376\377\000G\000u\000\355\000a\000\040\000d\000e\000\040\000u\000s\000o\000\040\000d\000e\000\040\000l\000a\000\040\000a\000p\000l\000i\000c\000a\000c\000i\000\363\000n}{chapter.9}% 257
\BOOKMARK [2][-]{subsection.9.4.1}{\376\377\000R\000e\000g\000i\000s\000t\000r\000o\000\040\000e\000\040\000i\000n\000i\000c\000i\000o\000\040\000d\000e\000\040\000s\000e\000s\000i\000\363\000n\000\040\000\050\000p\000a\000r\000a\000\040\000t\000o\000d\000o\000s\000\040\000l\000o\000s\000\040\000r\000o\000l\000e\000s\000\051}{section.9.4}% 258
\BOOKMARK [2][-]{subsection.9.4.2}{\376\377\000G\000e\000s\000t\000i\000\363\000n\000\040\000d\000e\000l\000\040\000p\000e\000r\000f\000i\000l\000\040\000\050\000p\000a\000r\000a\000\040\000t\000o\000d\000o\000s\000\040\000l\000o\000s\000\040\000r\000o\000l\000e\000s\000\051}{section.9.4}% 259
\BOOKMARK [2][-]{subsection.9.4.3}{\376\377\000M\000a\000p\000a\000\040\000d\000e\000\040\000e\000v\000e\000n\000t\000o\000s\000\040\000\050\000p\000a\000r\000a\000\040\000t\000o\000d\000o\000s\000\040\000l\000o\000s\000\040\000r\000o\000l\000e\000s\000\051}{section.9.4}% 260
\BOOKMARK [2][-]{subsection.9.4.4}{\376\377\000P\000\341\000g\000i\000n\000a\000\040\000p\000r\000i\000n\000c\000i\000p\000a\000l\000\040\000y\000\040\000f\000i\000l\000t\000r\000o\000s\000\040\000\050\000p\000a\000r\000a\000\040\000t\000o\000d\000o\000s\000\040\000l\000o\000s\000\040\000r\000o\000l\000e\000s\000\051}{section.9.4}% 261
\BOOKMARK [2][-]{subsection.9.4.5}{\376\377\000D\000e\000t\000a\000l\000l\000e\000\040\000d\000e\000\040\000e\000v\000e\000n\000t\000o}{section.9.4}% 262
\BOOKMARK [2][-]{subsection.9.4.6}{\376\377\000L\000i\000s\000t\000a\000d\000o\000s\000\040\000d\000e\000\040\000e\000v\000e\000n\000t\000o\000s}{section.9.4}% 263
\BOOKMARK [2][-]{subsection.9.4.7}{\376\377\000G\000e\000s\000t\000i\000\363\000n\000\040\000d\000e\000\040\000a\000d\000m\000i\000n\000i\000s\000t\000r\000a\000d\000o\000r\000\040\000\050\000r\000o\000l\000\040\000d\000e\000\040\000a\000d\000m\000i\000n\000i\000s\000t\000r\000a\000d\000o\000r\000\051}{section.9.4}% 264
\BOOKMARK [2][-]{subsection.9.4.8}{\376\377\000R\000e\000c\000o\000m\000e\000n\000d\000a\000c\000i\000o\000n\000e\000s\000\040\000y\000\040\000r\000u\000t\000a\000s\000\040\000r\000e\000c\000o\000m\000e\000n\000d\000a\000d\000a\000s\000\040\000\050\000p\000a\000r\000a\000\040\000t\000o\000d\000o\000s\000\040\000l\000o\000s\000\040\000r\000o\000l\000e\000s\000\051}{section.9.4}% 265
\BOOKMARK [2][-]{subsection.9.4.9}{\376\377\000R\000u\000t\000a\000s\000\040\000c\000r\000e\000a\000d\000a\000s\000\040\000p\000o\000r\000\040\000u\000s\000u\000a\000r\000i\000o\000s\000\040\000\050\000p\000a\000r\000a\000\040\000t\000o\000d\000o\000s\000\040\000l\000o\000s\000\040\000r\000o\000l\000e\000s\000\051}{section.9.4}% 266
\BOOKMARK [2][-]{subsection.9.4.10}{\376\377\000C\000r\000e\000a\000c\000i\000\363\000n\000\040\000d\000e\000\040\000e\000v\000e\000n\000t\000o\000s\000\040\000\050\000r\000o\000l\000\040\000d\000e\000\040\000u\000s\000u\000a\000r\000i\000o\000\051}{section.9.4}% 267
\BOOKMARK [2][-]{subsection.9.4.11}{\376\377\000E\000v\000e\000n\000t\000o\000s\000\040\000p\000r\000i\000v\000a\000d\000o\000s\000\040\000\050\000t\000o\000d\000o\000s\000\040\000l\000o\000s\000\040\000r\000o\000l\000e\000s\000\051}{section.9.4}% 268
\BOOKMARK [2][-]{subsection.9.4.12}{\376\377\000G\000e\000s\000t\000i\000\363\000n\000\040\000d\000e\000\040\000e\000v\000e\000n\000t\000o\000s\000\040\000p\000r\000i\000v\000a\000d\000o\000s\000\040\000\050\000t\000o\000d\000o\000s\000\040\000l\000o\000s\000\040\000r\000o\000l\000e\000s\000\051}{section.9.4}% 269
\BOOKMARK [2][-]{subsection.9.4.13}{\376\377\000M\000i\000s\000\040\000e\000v\000e\000n\000t\000o\000s\000\040\000\050\000r\000o\000l\000\040\000d\000e\000\040\000u\000s\000u\000a\000r\000i\000o\000\051}{section.9.4}% 270
\BOOKMARK [2][-]{subsection.9.4.14}{\376\377\000M\000o\000d\000e\000r\000a\000c\000i\000\363\000n\000\040\000\050\000r\000o\000l\000\040\000d\000e\000\040\000m\000o\000d\000e\000r\000a\000d\000o\000r\000\051}{section.9.4}% 271
\BOOKMARK [2][-]{subsection.9.4.15}{\376\377\000N\000o\000t\000i\000f\000i\000c\000a\000c\000i\000o\000n\000e\000s\000\040\000\050\000t\000o\000d\000o\000s\000\040\000l\000o\000s\000\040\000r\000o\000l\000e\000s\000\051}{section.9.4}% 272
\BOOKMARK [2][-]{subsection.9.4.16}{\376\377\000M\000e\000n\000s\000a\000j\000e\000r\000\355\000a\000\040\000p\000r\000i\000v\000a\000d\000a\000\040\000\050\000t\000o\000d\000o\000s\000\040\000l\000o\000s\000\040\000r\000o\000l\000e\000s\000\051}{section.9.4}% 273
\BOOKMARK [2][-]{subsection.9.4.17}{\376\377\000E\000v\000e\000n\000t\000o\000s\000\040\000f\000i\000n\000a\000l\000i\000z\000a\000d\000o\000s}{section.9.4}% 274
\BOOKMARK [1][-]{section.9.5}{\376\377\000G\000r\000a\000f\000o\000\040\000d\000e\000\040\000n\000a\000v\000e\000g\000a\000b\000i\000l\000i\000d\000a\000d}{chapter.9}% 275
\BOOKMARK [1][-]{section.9.6}{\376\377\000E\000r\000r\000o\000r\000e\000s\000\040\000f\000r\000e\000c\000u\000e\000n\000t\000e\000s}{chapter.9}% 276
\BOOKMARK [0][-]{chapter.10}{\376\377\000C\000o\000n\000c\000l\000u\000s\000i\000o\000n\000e\000s}{}% 277
\BOOKMARK [1][-]{section.10.1}{\376\377\000I\000n\000t\000r\000o\000d\000u\000c\000c\000i\000\363\000n}{chapter.10}% 278
\BOOKMARK [1][-]{section.10.2}{\376\377\000O\000b\000j\000e\000t\000i\000v\000o\000s\000\040\000a\000l\000c\000a\000n\000z\000a\000d\000o\000s}{chapter.10}% 279
\BOOKMARK [2][-]{subsection.10.2.1}{\376\377\000O\000b\000j\000e\000t\000i\000v\000o\000s\000\040\000d\000e\000l\000\040\000p\000r\000o\000y\000e\000c\000t\000o}{section.10.2}% 280
\BOOKMARK [2][-]{subsection.10.2.2}{\376\377\000O\000b\000j\000e\000t\000i\000v\000o\000s\000\040\000d\000e\000l\000\040\000s\000i\000s\000t\000e\000m\000a}{section.10.2}% 281
\BOOKMARK [1][-]{section.10.3}{\376\377\000L\000e\000c\000c\000i\000o\000n\000e\000s\000\040\000a\000p\000r\000e\000n\000d\000i\000d\000a\000s}{chapter.10}% 282
\BOOKMARK [2][-]{subsection.10.3.1}{\376\377\000G\000e\000s\000t\000i\000\363\000n\000\040\000d\000e\000\040\000s\000i\000s\000t\000e\000m\000a\000s\000\040\000d\000i\000s\000t\000r\000i\000b\000u\000i\000d\000o\000s}{section.10.3}% 283
\BOOKMARK [2][-]{subsection.10.3.2}{\376\377\000C\000o\000n\000s\000u\000l\000t\000a\000s\000\040\000e\000s\000p\000a\000c\000i\000a\000l\000e\000s}{section.10.3}% 284
\BOOKMARK [2][-]{subsection.10.3.3}{\376\377\000D\000e\000s\000a\000r\000r\000o\000l\000l\000o\000\040\000u\000n\000i\000p\000e\000r\000s\000o\000n\000a\000l\000\040\000c\000o\000n\000\040\000m\000e\000t\000o\000d\000o\000l\000o\000g\000\355\000a\000\040\000\341\000g\000i\000l}{section.10.3}% 285
\BOOKMARK [2][-]{subsection.10.3.4}{\376\377\000C\000a\000l\000i\000d\000a\000d\000\040\000d\000e\000l\000\040\000c\000\363\000d\000i\000g\000o}{section.10.3}% 286
\BOOKMARK [2][-]{subsection.10.3.5}{\376\377\000C\000o\000m\000p\000a\000t\000i\000b\000i\000l\000i\000d\000a\000d\000\040\000m\000u\000l\000t\000i\000p\000l\000a\000t\000a\000f\000o\000r\000m\000a}{section.10.3}% 287
\BOOKMARK [1][-]{section.10.4}{\376\377\000D\000e\000s\000v\000i\000a\000c\000i\000o\000n\000e\000s\000\040\000r\000e\000s\000p\000e\000c\000t\000o\000\040\000a\000\040\000l\000a\000\040\000p\000l\000a\000n\000i\000f\000i\000c\000a\000c\000i\000\363\000n}{chapter.10}% 288
\BOOKMARK [1][-]{section.10.5}{\376\377\000C\000o\000n\000s\000i\000d\000e\000r\000a\000c\000i\000o\000n\000e\000s\000\040\000d\000e\000\040\000s\000e\000g\000u\000r\000i\000d\000a\000d\000\040\000y\000\040\000p\000r\000i\000v\000a\000c\000i\000d\000a\000d}{chapter.10}% 289
\BOOKMARK [1][-]{section.10.6}{\376\377\000T\000r\000a\000b\000a\000j\000o\000\040\000f\000u\000t\000u\000r\000o}{chapter.10}% 290
\BOOKMARK [2][-]{subsection.10.6.1}{\376\377\000M\000e\000j\000o\000r\000a\000s\000\040\000s\000o\000b\000r\000e\000\040\000f\000u\000n\000c\000i\000o\000n\000a\000l\000i\000d\000a\000d\000e\000s\000\040\000e\000x\000i\000s\000t\000e\000n\000t\000e\000s}{section.10.6}% 291
\BOOKMARK [2][-]{subsection.10.6.2}{\376\377\000N\000u\000e\000v\000a\000s\000\040\000f\000u\000n\000c\000i\000o\000n\000a\000l\000i\000d\000a\000d\000e\000s}{section.10.6}% 292
\BOOKMARK [1][-]{section.10.7}{\376\377\000U\000s\000o\000\040\000d\000e\000\040\000h\000e\000r\000r\000a\000m\000i\000e\000n\000t\000a\000s\000\040\000d\000e\000\040\000i\000n\000t\000e\000l\000i\000g\000e\000n\000c\000i\000a\000\040\000a\000r\000t\000i\000f\000i\000c\000i\000a\000l}{chapter.10}% 293
\BOOKMARK [2][-]{subsection.10.7.1}{\376\377\000H\000e\000r\000r\000a\000m\000i\000e\000n\000t\000a\000s\000\040\000u\000t\000i\000l\000i\000z\000a\000d\000a\000s}{section.10.7}% 294
\BOOKMARK [2][-]{subsection.10.7.2}{\376\377\000A\000l\000c\000a\000n\000c\000e\000\040\000d\000e\000l\000\040\000u\000s\000o}{section.10.7}% 295
\BOOKMARK [2][-]{subsection.10.7.3}{\376\377\000V\000e\000r\000i\000f\000i\000c\000a\000c\000i\000\363\000n}{section.10.7}% 296
\BOOKMARK [1][-]{section.10.8}{\376\377\000C\000o\000n\000c\000l\000u\000s\000i\000\363\000n\000\040\000f\000i\000n\000a\000l}{chapter.10}% 297
\BOOKMARK [0][-]{chapter*.72}{\376\377\000B\000i\000b\000l\000i\000o\000g\000r\000a\000f\000\355\000a}{}% 298
\BOOKMARK [0][-]{appendix.Alph1}{\376\377\000D\000e\000c\000l\000a\000r\000a\000c\000i\000\363\000n\000\040\000d\000e\000\040\000a\000u\000t\000o\000r\000\355\000a}{}% 299
\BOOKMARK [0][-]{appendix.Alph2}{\376\377\000U\000s\000u\000a\000r\000i\000o\000s\000\040\000p\000i\000l\000o\000t\000o}{}% 300
\BOOKMARK [1][-]{section.Alph2.1}{\376\377\000I\000n\000t\000r\000o\000d\000u\000c\000c\000i\000\363\000n}{appendix.Alph2}% 301
\BOOKMARK [1][-]{section.Alph2.2}{\376\377\000P\000e\000r\000f\000i\000l\000\040\000d\000e\000\040\000l\000o\000s\000\040\000u\000s\000u\000a\000r\000i\000o\000s}{appendix.Alph2}% 302
\BOOKMARK [1][-]{section.Alph2.3}{\376\377\000M\000e\000t\000o\000d\000o\000l\000o\000g\000\355\000a\000\040\000d\000e\000\040\000r\000e\000c\000o\000g\000i\000d\000a\000\040\000d\000e\000\040\000f\000e\000e\000d\000b\000a\000c\000k}{appendix.Alph2}% 303
\BOOKMARK [1][-]{section.Alph2.4}{\376\377\000R\000e\000s\000u\000l\000t\000a\000d\000o\000s\000\040\000e\000\040\000i\000n\000c\000i\000d\000e\000n\000c\000i\000a\000s\000\040\000d\000e\000t\000e\000c\000t\000a\000d\000a\000s}{appendix.Alph2}% 304
\BOOKMARK [2][-]{subsection.Alph2.4.1}{\376\377\000P\000r\000o\000b\000l\000e\000m\000a\000s\000\040\000d\000e\000\040\000c\000o\000m\000p\000a\000t\000i\000b\000i\000l\000i\000d\000a\000d\000\040\000c\000o\000n\000\040\000A\000n\000d\000r\000o\000i\000d}{section.Alph2.4}% 305
\BOOKMARK [2][-]{subsection.Alph2.4.2}{\376\377\000S\000u\000g\000e\000r\000e\000n\000c\000i\000a\000s\000\040\000d\000e\000\040\000m\000e\000j\000o\000r\000a\000\040\000v\000i\000s\000u\000a\000l\000\040\000y\000\040\000d\000e\000\040\000i\000n\000t\000e\000r\000a\000c\000c\000i\000\363\000n}{section.Alph2.4}% 306
\BOOKMARK [2][-]{subsection.Alph2.4.3}{\376\377\000I\000d\000e\000a\000s\000\040\000d\000e\000\040\000n\000u\000e\000v\000a\000s\000\040\000f\000u\000n\000c\000i\000o\000n\000a\000l\000i\000d\000a\000d\000e\000s}{section.Alph2.4}% 307
\BOOKMARK [1][-]{section.Alph2.5}{\376\377\000V\000a\000l\000o\000r\000a\000c\000i\000\363\000n\000\040\000g\000e\000n\000e\000r\000a\000l\000\040\000d\000e\000\040\000l\000o\000s\000\040\000u\000s\000u\000a\000r\000i\000o\000s}{appendix.Alph2}% 308
\BOOKMARK [1][-]{section.Alph2.6}{\376\377\000C\000o\000n\000c\000l\000u\000s\000i\000o\000n\000e\000s\000\040\000d\000e\000l\000\040\000p\000r\000o\000c\000e\000s\000o\000\040\000p\000i\000l\000o\000t\000o}{appendix.Alph2}% 309
\BOOKMARK [0][-]{appendix.Alph3}{\376\377\000A\000c\000t\000a\000s\000\040\000d\000e\000\040\000r\000e\000u\000n\000i\000\363\000n}{}% 310
\BOOKMARK [1][-]{section*.73}{\376\377\000A\000c\000t\000a\000\040\000d\000e\000\040\000R\000e\000u\000n\000i\000\363\000n\000\040\0001}{appendix.Alph3}% 311
\BOOKMARK [1][-]{Item.26}{\376\377\000A\000c\000t\000a\000\040\000d\000e\000\040\000R\000e\000u\000n\000i\000\363\000n\000\040\0002}{appendix.Alph3}% 312
\BOOKMARK [1][-]{Item.29}{\376\377\000A\000c\000t\000a\000\040\000d\000e\000\040\000R\000e\000u\000n\000i\000\363\000n\000\040\0003}{appendix.Alph3}% 313
\BOOKMARK [1][-]{Item.38}{\376\377\000A\000c\000t\000a\000\040\000d\000e\000\040\000R\000e\000u\000n\000i\000\363\000n\000\040\0004}{appendix.Alph3}% 314
\BOOKMARK [1][-]{Item.38}{\376\377\000A\000c\000t\000a\000\040\000d\000e\000\040\000R\000e\000u\000n\000i\000\363\000n\000\040\0005}{appendix.Alph3}% 315
\BOOKMARK [1][-]{Item.38}{\376\377\000A\000c\000t\000a\000\040\000d\000e\000\040\000R\000e\000u\000n\000i\000\363\000n\000\040\0006}{appendix.Alph3}% 316
\BOOKMARK [1][-]{Item.38}{\376\377\000A\000c\000t\000a\000\040\000d\000e\000\040\000R\000e\000u\000n\000i\000\363\000n\000\040\0007}{appendix.Alph3}% 317
\BOOKMARK [1][-]{Item.38}{\376\377\000A\000c\000t\000a\000\040\000d\000e\000\040\000R\000e\000u\000n\000i\000\363\000n\000\040\0008}{appendix.Alph3}% 318
